This is pdfTeX, Version 3.1415926-1.40.10 (TeX Live 2009/Debian) (format=pdflatex 2012.4.5)  12 APR 2012 01:27
entering extended mode
 %&-line parsing enabled.
**ej11_14.tex
(./ej11_14.tex
LaTeX2e <2009/09/24>
Babel <v3.8l> and hyphenation patterns for english, usenglishmax, dumylang, noh
yphenation, loaded.

! LaTeX Error: Lonely \item--perhaps a missing list environment.

See the LaTeX manual or LaTeX Companion for explanation.
Type  H <return>  for immediate help.
 ...                                              
                                                  
l.2 \begin
          {problema}{stevenBradbury}{j: JJOO}{Atleta}
Try typing  <return>  to proceed.
If that doesn't work, type  X <return>  to quit.


! LaTeX Error: Environment problema undefined.

See the LaTeX manual or LaTeX Companion for explanation.
Type  H <return>  for immediate help.
 ...                                              
                                                  
l.2 \begin{problema}
                    {stevenBradbury}{j: JJOO}{Atleta}
Your command was ignored.
Type  I <command> <return>  to replace it with another command,
or  <return>  to continue without it.

Missing character: There is no s in font nullfont!
Missing character: There is no t in font nullfont!
Missing character: There is no e in font nullfont!
Missing character: There is no v in font nullfont!
Missing character: There is no e in font nullfont!
Missing character: There is no n in font nullfont!
Missing character: There is no B in font nullfont!
Missing character: There is no r in font nullfont!
Missing character: There is no a in font nullfont!
Missing character: There is no d in font nullfont!
Missing character: There is no b in font nullfont!
Missing character: There is no u in font nullfont!
Missing character: There is no r in font nullfont!
Missing character: There is no y in font nullfont!
Missing character: There is no j in font nullfont!
Missing character: There is no : in font nullfont!
Missing character: There is no J in font nullfont!
Missing character: There is no J in font nullfont!
Missing character: There is no O in font nullfont!
Missing character: There is no O in font nullfont!
Missing character: There is no A in font nullfont!
Missing character: There is no t in font nullfont!
Missing character: There is no l in font nullfont!
Missing character: There is no e in font nullfont!
Missing character: There is no t in font nullfont!
Missing character: There is no a in font nullfont!
! Undefined control sequence.
l.3 \requiere
             { algunaCompetenciaFinalizada(j)} % Requiero que haya alguna co...
The control sequence at the end of the top line
of your error message was never \def'ed. If you have
misspelled it (e.g., `\hobx'), type `I' and the correct
spelling (e.g., `I\hbox'). Otherwise just continue,
and I'll forget about whatever was undefined.

Missing character: There is no a in font nullfont!
Missing character: There is no l in font nullfont!
Missing character: There is no g in font nullfont!
Missing character: There is no u in font nullfont!
Missing character: There is no n in font nullfont!
Missing character: There is no a in font nullfont!
Missing character: There is no C in font nullfont!
Missing character: There is no o in font nullfont!
Missing character: There is no m in font nullfont!
Missing character: There is no p in font nullfont!
Missing character: There is no e in font nullfont!
Missing character: There is no t in font nullfont!
Missing character: There is no e in font nullfont!
Missing character: There is no n in font nullfont!
Missing character: There is no c in font nullfont!
Missing character: There is no i in font nullfont!
Missing character: There is no a in font nullfont!
Missing character: There is no F in font nullfont!
Missing character: There is no i in font nullfont!
Missing character: There is no n in font nullfont!
Missing character: There is no a in font nullfont!
Missing character: There is no l in font nullfont!
Missing character: There is no i in font nullfont!
Missing character: There is no z in font nullfont!
Missing character: There is no a in font nullfont!
Missing character: There is no d in font nullfont!
Missing character: There is no a in font nullfont!
Missing character: There is no ( in font nullfont!
Missing character: There is no j in font nullfont!
Missing character: There is no ) in font nullfont!
! Undefined control sequence.
l.4 \asegura
            { (\exists dia \in [1...cantDias(j)], cron \in cronograma(j,dia)...
The control sequence at the end of the top line
of your error message was never \def'ed. If you have
misspelled it (e.g., `\hobx'), type `I' and the correct
spelling (e.g., `I\hbox'). Otherwise just continue,
and I'll forget about whatever was undefined.

Missing character: There is no ( in font nullfont!
! Missing $ inserted.
<inserted text> 
                $
l.4 \asegura{ (\exists
                       dia \in [1...cantDias(j)], cron \in cronograma(j,dia)...
I've inserted a begin-math/end-math symbol since I think
you left one out. Proceed, with fingers crossed.

LaTeX Font Info:    External font `cmex10' loaded for size
(Font)              <7> on input line 4.
LaTeX Font Info:    External font `cmex10' loaded for size
(Font)              <5> on input line 4.
! Extra }, or forgotten $.
l.4 ... comp \in cron) result == ranking(comp)_0 }
                                                   % Aseguro que ese atleta ...
I've deleted a group-closing symbol because it seems to be
spurious, as in `$x}$'. But perhaps the } is legitimate and
you forgot something else, as in `\hbox{$x}'. In such cases
the way to recover is to insert both the forgotten and the
deleted material, e.g., by typing `I$}'.

! Undefined control sequence.
l.5 \asegura
            { (\forall a \in atletas(j), a \neq result) capacidad(result) \l...
The control sequence at the end of the top line
of your error message was never \def'ed. If you have
misspelled it (e.g., `\hobx'), type `I' and the correct
spelling (e.g., `I\hbox'). Otherwise just continue,
and I'll forget about whatever was undefined.


! LaTeX Error: \begin{document} ended by \end{problema}.

See the LaTeX manual or LaTeX Companion for explanation.
Type  H <return>  for immediate help.
 ...                                              
                                                  
l.6 \end{problema}
                  
Your command was ignored.
Type  I <command> <return>  to replace it with another command,
or  <return>  to continue without it.

! Missing $ inserted.
<inserted text> 
                $
l.6 \end{problema}
                  
I've inserted something that you may have forgotten.
(See the <inserted text> above.)
With luck, this will get me unwedged. But if you
really didn't forget anything, try typing `2' now; then
my insertion and my current dilemma will both disappear.

! Missing } inserted.
<inserted text> 
                }
l.6 \end{problema}
                  
I've inserted something that you may have forgotten.
(See the <inserted text> above.)
With luck, this will get me unwedged. But if you
really didn't forget anything, try typing `2' now; then
my insertion and my current dilemma will both disappear.


Overfull \hbox (28.93585pt too wide) in paragraph at lines 2--7
\OMS/cmsy/m/n/10 9\OML/cmm/m/it/10 dia \OMS/cmsy/m/n/10 2
 []


Overfull \hbox (106.41493pt too wide) in paragraph at lines 2--7
\OT1/cmr/m/n/10 [1\OML/cmm/m/it/10 :::cantDias\OT1/cmr/m/n/10 (\OML/cmm/m/it/10
 j\OT1/cmr/m/n/10 )]\OML/cmm/m/it/10 ; cron \OMS/cmsy/m/n/10 2
 []


Overfull \hbox (121.2515pt too wide) in paragraph at lines 2--7
\OML/cmm/m/it/10 cronograma\OT1/cmr/m/n/10 (\OML/cmm/m/it/10 j; dia\OT1/cmr/m/n
/10 )\OML/cmm/m/it/10 ; comp \OMS/cmsy/m/n/10 2
 []


Overfull \hbox (68.83812pt too wide) in paragraph at lines 2--7
\OML/cmm/m/it/10 cron\OT1/cmr/m/n/10 )\OML/cmm/m/it/10 result \OT1/cmr/m/n/10 =
=
 []


Overfull \hbox (342.38733pt too wide) in paragraph at lines 2--7
\OML/cmm/m/it/10 ranking\OT1/cmr/m/n/10 (\OML/cmm/m/it/10 comp\OT1/cmr/m/n/10 )
[][]$ 
 []


! LaTeX Error: Lonely \item--perhaps a missing list environment.

See the LaTeX manual or LaTeX Companion for explanation.
Type  H <return>  for immediate help.
 ...                                              
                                                  
l.9 \begin
          {problema}{uyOrdenadoAs\'{i}HayUnPatr\'{o}n}{j: JJOO}{\bool}
Try typing  <return>  to proceed.
If that doesn't work, type  X <return>  to quit.


! LaTeX Error: Environment problema undefined.

See the LaTeX manual or LaTeX Companion for explanation.
Type  H <return>  for immediate help.
 ...                                              
                                                  
l.9 \begin{problema}
                    {uyOrdenadoAs\'{i}HayUnPatr\'{o}n}{j: JJOO}{\bool}
Your command was ignored.
Type  I <command> <return>  to replace it with another command,
or  <return>  to continue without it.

Missing character: There is no u in font nullfont!
Missing character: There is no y in font nullfont!
Missing character: There is no O in font nullfont!
Missing character: There is no r in font nullfont!
Missing character: There is no d in font nullfont!
Missing character: There is no e in font nullfont!
Missing character: There is no n in font nullfont!
Missing character: There is no a in font nullfont!
Missing character: There is no d in font nullfont!
Missing character: There is no o in font nullfont!
Missing character: There is no A in font nullfont!
Missing character: There is no s in font nullfont!
LaTeX Font Info:    Try loading font information for +cmr on input line 9.
LaTeX Font Info:    No file cmr.fd. on input line 9.

LaTeX Font Warning: Font shape `/cmr/m/n' undefined
(Font)              using `/cmr/m/n' instead on input line 9.

! Corrupted NFSS tables.
wrong@fontshape ...message {Corrupted NFSS tables}
                                                  error@fontshape else let f...
l.9 \begin{problema}{uyOrdenadoAs\'{i}
                                      HayUnPatr\'{o}n}{j: JJOO}{\bool}
This error message was generated by an \errmessage
command, so I can't give any explicit help.
Pretend that you're Hercule Poirot: Examine all clues,
and deduce the truth by order and method.


LaTeX Font Warning: Font shape `/cmr/m/n' undefined
(Font)              using `OT1/cmr/m/n' instead on input line 9.

Missing character: There is no H in font nullfont!
Missing character: There is no a in font nullfont!
Missing character: There is no y in font nullfont!
Missing character: There is no U in font nullfont!
Missing character: There is no n in font nullfont!
Missing character: There is no P in font nullfont!
Missing character: There is no a in font nullfont!
Missing character: There is no t in font nullfont!
Missing character: There is no r in font nullfont!
Missing character: There is no n in font nullfont!
Missing character: There is no j in font nullfont!
Missing character: There is no : in font nullfont!
Missing character: There is no J in font nullfont!
Missing character: There is no J in font nullfont!
Missing character: There is no O in font nullfont!
Missing character: There is no O in font nullfont!
! Undefined control sequence.
l.9 ...enadoAs\'{i}HayUnPatr\'{o}n}{j: JJOO}{\bool
                                                  }
The control sequence at the end of the top line
of your error message was never \def'ed. If you have
misspelled it (e.g., `\hobx'), type `I' and the correct
spelling (e.g., `I\hbox'). Otherwise just continue,
and I'll forget about whatever was undefined.


Overfull \hbox (12.77782pt too wide) in paragraph at lines 9--10
\/cmr/m/n/10 ^^Si^^So
 []

! Undefined control sequence.
l.11 \asegura
              {result == verificaPaises(j)}
The control sequence at the end of the top line
of your error message was never \def'ed. If you have
misspelled it (e.g., `\hobx'), type `I' and the correct
spelling (e.g., `I\hbox'). Otherwise just continue,
and I'll forget about whatever was undefined.

Missing character: There is no r in font nullfont!
Missing character: There is no e in font nullfont!
Missing character: There is no s in font nullfont!
Missing character: There is no u in font nullfont!
Missing character: There is no l in font nullfont!
Missing character: There is no t in font nullfont!
Missing character: There is no = in font nullfont!
Missing character: There is no = in font nullfont!
Missing character: There is no v in font nullfont!
Missing character: There is no e in font nullfont!
Missing character: There is no r in font nullfont!
Missing character: There is no i in font nullfont!
Missing character: There is no f in font nullfont!
Missing character: There is no i in font nullfont!
Missing character: There is no c in font nullfont!
Missing character: There is no a in font nullfont!
Missing character: There is no P in font nullfont!
Missing character: There is no a in font nullfont!
Missing character: There is no i in font nullfont!
Missing character: There is no s in font nullfont!
Missing character: There is no e in font nullfont!
Missing character: There is no s in font nullfont!
Missing character: There is no ( in font nullfont!
Missing character: There is no j in font nullfont!
Missing character: There is no ) in font nullfont!

Overfull \hbox (20.0pt too wide) in paragraph at lines 11--12
[]
 []

! Undefined control sequence.
l.13 \aux
         {competenciasPorDia}{j:JJOO}{[(\ent, [Competencia])]}{[(dia,c) | di...
The control sequence at the end of the top line
of your error message was never \def'ed. If you have
misspelled it (e.g., `\hobx'), type `I' and the correct
spelling (e.g., `I\hbox'). Otherwise just continue,
and I'll forget about whatever was undefined.

Missing character: There is no c in font nullfont!
Missing character: There is no o in font nullfont!
Missing character: There is no m in font nullfont!
Missing character: There is no p in font nullfont!
Missing character: There is no e in font nullfont!
Missing character: There is no t in font nullfont!
Missing character: There is no e in font nullfont!
Missing character: There is no n in font nullfont!
Missing character: There is no c in font nullfont!
Missing character: There is no i in font nullfont!
Missing character: There is no a in font nullfont!
Missing character: There is no s in font nullfont!
Missing character: There is no P in font nullfont!
Missing character: There is no o in font nullfont!
Missing character: There is no r in font nullfont!
Missing character: There is no D in font nullfont!
Missing character: There is no i in font nullfont!
Missing character: There is no a in font nullfont!
Missing character: There is no j in font nullfont!
Missing character: There is no : in font nullfont!
Missing character: There is no J in font nullfont!
Missing character: There is no J in font nullfont!
Missing character: There is no O in font nullfont!
Missing character: There is no O in font nullfont!
Missing character: There is no [ in font nullfont!
Missing character: There is no ( in font nullfont!
! Undefined control sequence.
l.13 \aux{competenciasPorDia}{j:JJOO}{[(\ent
                                            , [Competencia])]}{[(dia,c) | di...
The control sequence at the end of the top line
of your error message was never \def'ed. If you have
misspelled it (e.g., `\hobx'), type `I' and the correct
spelling (e.g., `I\hbox'). Otherwise just continue,
and I'll forget about whatever was undefined.

Missing character: There is no , in font nullfont!
Missing character: There is no [ in font nullfont!
Missing character: There is no C in font nullfont!
Missing character: There is no o in font nullfont!
Missing character: There is no m in font nullfont!
Missing character: There is no p in font nullfont!
Missing character: There is no e in font nullfont!
Missing character: There is no t in font nullfont!
Missing character: There is no e in font nullfont!
Missing character: There is no n in font nullfont!
Missing character: There is no c in font nullfont!
Missing character: There is no i in font nullfont!
Missing character: There is no a in font nullfont!
Missing character: There is no ] in font nullfont!
Missing character: There is no ) in font nullfont!
Missing character: There is no ] in font nullfont!
Missing character: There is no [ in font nullfont!
Missing character: There is no ( in font nullfont!
Missing character: There is no d in font nullfont!
Missing character: There is no i in font nullfont!
Missing character: There is no a in font nullfont!
Missing character: There is no , in font nullfont!
Missing character: There is no c in font nullfont!
Missing character: There is no ) in font nullfont!
Missing character: There is no | in font nullfont!
Missing character: There is no d in font nullfont!
Missing character: There is no i in font nullfont!
Missing character: There is no a in font nullfont!
! Missing $ inserted.
<inserted text> 
                $
l.13 ...[Competencia])]}{[(dia,c) | dia \leftarrow
                                                  [1..jornadaActual(j)], c \...
I've inserted a begin-math/end-math symbol since I think
you left one out. Proceed, with fingers crossed.

! Extra }, or forgotten $.
l.13 ...tual(j)], c \leftarrow cronograma(j,dia)]}
                                                  
I've deleted a group-closing symbol because it seems to be
spurious, as in `$x}$'. But perhaps the } is legitimate and
you forgot something else, as in `\hbox{$x}'. In such cases
the way to recover is to insert both the forgotten and the
deleted material, e.g., by typing `I$}'.

! Missing $ inserted.
<inserted text> 
                $
l.14 
     
I've inserted a begin-math/end-math symbol since I think
you left one out. Proceed, with fingers crossed.


Overfull \hbox (20.0pt too wide) in paragraph at lines 13--14
[]
 []


Overfull \hbox (10.00002pt too wide) in paragraph at lines 13--14
\OMS/cmsy/m/n/10  
 []


Overfull \hbox (115.86496pt too wide) in paragraph at lines 13--14
\/cmr/m/n/10 [1\OML/cmm/m/it/10 ::jornadaActual\/cmr/m/n/10 (\OML/cmm/m/it/10 j
\/cmr/m/n/10 )]\OML/cmm/m/it/10 ; c \OMS/cmsy/m/n/10  
 []


Overfull \hbox (87.1543pt too wide) in paragraph at lines 13--14
\OML/cmm/m/it/10 cronograma\/cmr/m/n/10 (\OML/cmm/m/it/10 j; dia\/cmr/m/n/10 )]
$ 
 []

! Undefined control sequence.
l.15 \aux
         {oroPorDia}{j:JJOO}{[(\ent, [Atleta])]}{[(dia,a)| h\leftarrow compe...
The control sequence at the end of the top line
of your error message was never \def'ed. If you have
misspelled it (e.g., `\hobx'), type `I' and the correct
spelling (e.g., `I\hbox'). Otherwise just continue,
and I'll forget about whatever was undefined.

Missing character: There is no o in font nullfont!
Missing character: There is no r in font nullfont!
Missing character: There is no o in font nullfont!
Missing character: There is no P in font nullfont!
Missing character: There is no o in font nullfont!
Missing character: There is no r in font nullfont!
Missing character: There is no D in font nullfont!
Missing character: There is no i in font nullfont!
Missing character: There is no a in font nullfont!
Missing character: There is no j in font nullfont!
Missing character: There is no : in font nullfont!
Missing character: There is no J in font nullfont!
Missing character: There is no J in font nullfont!
Missing character: There is no O in font nullfont!
Missing character: There is no O in font nullfont!
Missing character: There is no [ in font nullfont!
Missing character: There is no ( in font nullfont!
! Undefined control sequence.
l.15 \aux{oroPorDia}{j:JJOO}{[(\ent
                                   , [Atleta])]}{[(dia,a)| h\leftarrow compe...
The control sequence at the end of the top line
of your error message was never \def'ed. If you have
misspelled it (e.g., `\hobx'), type `I' and the correct
spelling (e.g., `I\hbox'). Otherwise just continue,
and I'll forget about whatever was undefined.

Missing character: There is no , in font nullfont!
Missing character: There is no [ in font nullfont!
Missing character: There is no A in font nullfont!
Missing character: There is no t in font nullfont!
Missing character: There is no l in font nullfont!
Missing character: There is no e in font nullfont!
Missing character: There is no t in font nullfont!
Missing character: There is no a in font nullfont!
Missing character: There is no ] in font nullfont!
Missing character: There is no ) in font nullfont!
Missing character: There is no ] in font nullfont!
Missing character: There is no [ in font nullfont!
Missing character: There is no ( in font nullfont!
Missing character: There is no d in font nullfont!
Missing character: There is no i in font nullfont!
Missing character: There is no a in font nullfont!
Missing character: There is no , in font nullfont!
Missing character: There is no a in font nullfont!
Missing character: There is no ) in font nullfont!
Missing character: There is no | in font nullfont!
Missing character: There is no h in font nullfont!
! Missing $ inserted.
<inserted text> 
                $
l.15 ...{[(\ent, [Atleta])]}{[(dia,a)| h\leftarrow
                                                   competenciasPorDia(j), di...
I've inserted a begin-math/end-math symbol since I think
you left one out. Proceed, with fingers crossed.

! Extra }, or forgotten $.
l.15 ...[0..|x|-1], a \leftarrow ranking(x_i)_0 ]}
                                                  
I've deleted a group-closing symbol because it seems to be
spurious, as in `$x}$'. But perhaps the } is legitimate and
you forgot something else, as in `\hbox{$x}'. In such cases
the way to recover is to insert both the forgotten and the
deleted material, e.g., by typing `I$}'.

! Missing $ inserted.
<inserted text> 
                $
l.16 
     
I've inserted a begin-math/end-math symbol since I think
you left one out. Proceed, with fingers crossed.


Overfull \hbox (20.0pt too wide) in paragraph at lines 15--16
[]
 []


Overfull \hbox (10.00002pt too wide) in paragraph at lines 15--16
\OMS/cmsy/m/n/10  
 []


Overfull \hbox (138.01816pt too wide) in paragraph at lines 15--16
\OML/cmm/m/it/10 competenciasPorDia\/cmr/m/n/10 (\OML/cmm/m/it/10 j\/cmr/m/n/10
 )\OML/cmm/m/it/10 ; dia \OMS/cmsy/m/n/10  
 []


Overfull \hbox (55.07755pt too wide) in paragraph at lines 15--16
\OML/cmm/m/it/10 prm\/cmr/m/n/10 (\OML/cmm/m/it/10 h\/cmr/m/n/10 )\OML/cmm/m/it
/10 ; x \OMS/cmsy/m/n/10  
 []


Overfull \hbox (33.00462pt too wide) in paragraph at lines 15--16
\OML/cmm/m/it/10 sgd\/cmr/m/n/10 (\OML/cmm/m/it/10 h\/cmr/m/n/10 )\OML/cmm/m/it
/10 ; [] 
 []


Overfull \hbox (16.22285pt too wide) in paragraph at lines 15--16
\OML/cmm/m/it/10 i \OMS/cmsy/m/n/10  
 []


Overfull \hbox (32.38202pt too wide) in paragraph at lines 15--16
\/cmr/m/n/10 [0\OML/cmm/m/it/10 ::\OMS/cmsy/m/n/10 j\OML/cmm/m/it/10 x\OMS/cmsy
/m/n/10 j ^^@
 []


Overfull \hbox (30.28583pt too wide) in paragraph at lines 15--16
\/cmr/m/n/10 1]\OML/cmm/m/it/10 ; a \OMS/cmsy/m/n/10  
 []


Overfull \hbox (60.26067pt too wide) in paragraph at lines 15--16
\OML/cmm/m/it/10 ranking\/cmr/m/n/10 (\OML/cmm/m/it/10 x[]\/cmr/m/n/10 )[]]$ 
 []

! Undefined control sequence.
l.17 \aux
         {paisesPorDia}{j:JJOO}{[(\ent ,[Pais])]}{[(dia, p) | x\leftarrow or...
The control sequence at the end of the top line
of your error message was never \def'ed. If you have
misspelled it (e.g., `\hobx'), type `I' and the correct
spelling (e.g., `I\hbox'). Otherwise just continue,
and I'll forget about whatever was undefined.

Missing character: There is no p in font nullfont!
Missing character: There is no a in font nullfont!
Missing character: There is no i in font nullfont!
Missing character: There is no s in font nullfont!
Missing character: There is no e in font nullfont!
Missing character: There is no s in font nullfont!
Missing character: There is no P in font nullfont!
Missing character: There is no o in font nullfont!
Missing character: There is no r in font nullfont!
Missing character: There is no D in font nullfont!
Missing character: There is no i in font nullfont!
Missing character: There is no a in font nullfont!
Missing character: There is no j in font nullfont!
Missing character: There is no : in font nullfont!
Missing character: There is no J in font nullfont!
Missing character: There is no J in font nullfont!
Missing character: There is no O in font nullfont!
Missing character: There is no O in font nullfont!
Missing character: There is no [ in font nullfont!
Missing character: There is no ( in font nullfont!
! Undefined control sequence.
l.17 \aux{paisesPorDia}{j:JJOO}{[(\ent
                                       ,[Pais])]}{[(dia, p) | x\leftarrow or...
The control sequence at the end of the top line
of your error message was never \def'ed. If you have
misspelled it (e.g., `\hobx'), type `I' and the correct
spelling (e.g., `I\hbox'). Otherwise just continue,
and I'll forget about whatever was undefined.

Missing character: There is no , in font nullfont!
Missing character: There is no [ in font nullfont!
Missing character: There is no P in font nullfont!
Missing character: There is no a in font nullfont!
Missing character: There is no i in font nullfont!
Missing character: There is no s in font nullfont!
Missing character: There is no ] in font nullfont!
Missing character: There is no ) in font nullfont!
Missing character: There is no ] in font nullfont!
Missing character: There is no [ in font nullfont!
Missing character: There is no ( in font nullfont!
Missing character: There is no d in font nullfont!
Missing character: There is no i in font nullfont!
Missing character: There is no a in font nullfont!
Missing character: There is no , in font nullfont!
Missing character: There is no p in font nullfont!
Missing character: There is no ) in font nullfont!
Missing character: There is no | in font nullfont!
Missing character: There is no x in font nullfont!
! Missing $ inserted.
<inserted text> 
                $
l.17 ...{[(\ent ,[Pais])]}{[(dia, p) | x\leftarrow
                                                   oroPorDia(j),dia \leftarr...
I've inserted a begin-math/end-math symbol since I think
you left one out. Proceed, with fingers crossed.

! Extra }, or forgotten $.
l.17 ...0..|h|-1], p\leftarrow nacionalidad(h_i)]}
                                                  
I've deleted a group-closing symbol because it seems to be
spurious, as in `$x}$'. But perhaps the } is legitimate and
you forgot something else, as in `\hbox{$x}'. In such cases
the way to recover is to insert both the forgotten and the
deleted material, e.g., by typing `I$}'.

! Missing $ inserted.
<inserted text> 
                $
l.18 
     
I've inserted a begin-math/end-math symbol since I think
you left one out. Proceed, with fingers crossed.


Overfull \hbox (20.0pt too wide) in paragraph at lines 17--18
[]
 []


Overfull \hbox (10.00002pt too wide) in paragraph at lines 17--18
\OMS/cmsy/m/n/10  
 []


Overfull \hbox (92.84373pt too wide) in paragraph at lines 17--18
\OML/cmm/m/it/10 oroPorDia\/cmr/m/n/10 (\OML/cmm/m/it/10 j\/cmr/m/n/10 )\OML/cm
m/m/it/10 ; dia \OMS/cmsy/m/n/10  
 []


Overfull \hbox (55.07755pt too wide) in paragraph at lines 17--18
\OML/cmm/m/it/10 prm\/cmr/m/n/10 (\OML/cmm/m/it/10 x\/cmr/m/n/10 )\OML/cmm/m/it
/10 ; h \OMS/cmsy/m/n/10  
 []


Overfull \hbox (32.95831pt too wide) in paragraph at lines 17--18
\OML/cmm/m/it/10 sgd\/cmr/m/n/10 (\OML/cmm/m/it/10 x\/cmr/m/n/10 )\OML/cmm/m/it
/10 ; [] 
 []


Overfull \hbox (16.22285pt too wide) in paragraph at lines 17--18
\OML/cmm/m/it/10 i \OMS/cmsy/m/n/10  
 []


Overfull \hbox (32.42833pt too wide) in paragraph at lines 17--18
\/cmr/m/n/10 [0\OML/cmm/m/it/10 ::\OMS/cmsy/m/n/10 j\OML/cmm/m/it/10 h\OMS/cmsy
/m/n/10 j ^^@
 []


Overfull \hbox (30.03119pt too wide) in paragraph at lines 17--18
\/cmr/m/n/10 1]\OML/cmm/m/it/10 ; p \OMS/cmsy/m/n/10  
 []


Overfull \hbox (77.16417pt too wide) in paragraph at lines 17--18
\OML/cmm/m/it/10 nacionalidad\/cmr/m/n/10 (\OML/cmm/m/it/10 h[]\/cmr/m/n/10 )]$
 
 []

! Undefined control sequence.
l.19 \aux
         {mejoresPaises}{j:JJOO}{[(\ent , [Pais])]}{[(dia, p) | x\leftarrow ...
The control sequence at the end of the top line
of your error message was never \def'ed. If you have
misspelled it (e.g., `\hobx'), type `I' and the correct
spelling (e.g., `I\hbox'). Otherwise just continue,
and I'll forget about whatever was undefined.

Missing character: There is no m in font nullfont!
Missing character: There is no e in font nullfont!
Missing character: There is no j in font nullfont!
Missing character: There is no o in font nullfont!
Missing character: There is no r in font nullfont!
Missing character: There is no e in font nullfont!
Missing character: There is no s in font nullfont!
Missing character: There is no P in font nullfont!
Missing character: There is no a in font nullfont!
Missing character: There is no i in font nullfont!
Missing character: There is no s in font nullfont!
Missing character: There is no e in font nullfont!
Missing character: There is no s in font nullfont!
Missing character: There is no j in font nullfont!
Missing character: There is no : in font nullfont!
Missing character: There is no J in font nullfont!
Missing character: There is no J in font nullfont!
Missing character: There is no O in font nullfont!
Missing character: There is no O in font nullfont!
Missing character: There is no [ in font nullfont!
Missing character: There is no ( in font nullfont!
! Undefined control sequence.
l.19 \aux{mejoresPaises}{j:JJOO}{[(\ent
                                        , [Pais])]}{[(dia, p) | x\leftarrow ...
The control sequence at the end of the top line
of your error message was never \def'ed. If you have
misspelled it (e.g., `\hobx'), type `I' and the correct
spelling (e.g., `I\hbox'). Otherwise just continue,
and I'll forget about whatever was undefined.

Missing character: There is no , in font nullfont!
Missing character: There is no [ in font nullfont!
Missing character: There is no P in font nullfont!
Missing character: There is no a in font nullfont!
Missing character: There is no i in font nullfont!
Missing character: There is no s in font nullfont!
Missing character: There is no ] in font nullfont!
Missing character: There is no ) in font nullfont!
Missing character: There is no ] in font nullfont!
Missing character: There is no [ in font nullfont!
Missing character: There is no ( in font nullfont!
Missing character: There is no d in font nullfont!
Missing character: There is no i in font nullfont!
Missing character: There is no a in font nullfont!
Missing character: There is no , in font nullfont!
Missing character: There is no p in font nullfont!
Missing character: There is no ) in font nullfont!
Missing character: There is no | in font nullfont!
Missing character: There is no x in font nullfont!
! Missing $ inserted.
<inserted text> 
                $
l.19 ...[(\ent , [Pais])]}{[(dia, p) | x\leftarrow
                                                   paisesPorDia(j),dia \left...
I've inserted a begin-math/end-math symbol since I think
you left one out. Proceed, with fingers crossed.

! Extra }, or forgotten $.
l.20 ...gd(x)) \geq cuenta(sgd(x)_{i+1},sgd(x)))]}
                                                  
I've deleted a group-closing symbol because it seems to be
spurious, as in `$x}$'. But perhaps the } is legitimate and
you forgot something else, as in `\hbox{$x}'. In such cases
the way to recover is to insert both the forgotten and the
deleted material, e.g., by typing `I$}'.

! Missing $ inserted.
<inserted text> 
                $
l.21 
     
I've inserted a begin-math/end-math symbol since I think
you left one out. Proceed, with fingers crossed.


Overfull \hbox (20.0pt too wide) in paragraph at lines 19--21
[]
 []


Overfull \hbox (10.00002pt too wide) in paragraph at lines 19--21
\OMS/cmsy/m/n/10  
 []


Overfull \hbox (106.15344pt too wide) in paragraph at lines 19--21
\OML/cmm/m/it/10 paisesPorDia\/cmr/m/n/10 (\OML/cmm/m/it/10 j\/cmr/m/n/10 )\OML
/cmm/m/it/10 ; dia \OMS/cmsy/m/n/10  
 []


Overfull \hbox (54.34721pt too wide) in paragraph at lines 19--21
\OML/cmm/m/it/10 prm\/cmr/m/n/10 (\OML/cmm/m/it/10 x\/cmr/m/n/10 )\OML/cmm/m/it
/10 ; p \OMS/cmsy/m/n/10  
 []


Overfull \hbox (32.95831pt too wide) in paragraph at lines 19--21
\OML/cmm/m/it/10 sgd\/cmr/m/n/10 (\OML/cmm/m/it/10 x\/cmr/m/n/10 )\OML/cmm/m/it
/10 ; [] 
 []


Overfull \hbox (16.22285pt too wide) in paragraph at lines 19--21
\OML/cmm/m/it/10 i \OMS/cmsy/m/n/10  
 []


Overfull \hbox (55.18065pt too wide) in paragraph at lines 19--21
\/cmr/m/n/10 [0\OML/cmm/m/it/10 ::\OMS/cmsy/m/n/10 j\OML/cmm/m/it/10 sgd\/cmr/m
/n/10 (\OML/cmm/m/it/10 x\/cmr/m/n/10 )\OMS/cmsy/m/n/10 j ^^@
 []


Overfull \hbox (102.04175pt too wide) in paragraph at lines 19--21
\/cmr/m/n/10 2]\OML/cmm/m/it/10 ; \/cmr/m/n/10 (\OML/cmm/m/it/10 cuenta\/cmr/m/
n/10 (\OML/cmm/m/it/10 p; sgd\/cmr/m/n/10 (\OML/cmm/m/it/10 x\/cmr/m/n/10 )) \O
MS/cmsy/m/n/10 ^^U
 []


Overfull \hbox (118.97879pt too wide) in paragraph at lines 19--21
\OML/cmm/m/it/10 cuenta\/cmr/m/n/10 (\OML/cmm/m/it/10 sgd\/cmr/m/n/10 (\OML/cmm
/m/it/10 x\/cmr/m/n/10 )[]\OML/cmm/m/it/10 ; sgd\/cmr/m/n/10 (\OML/cmm/m/it/10 
x\/cmr/m/n/10 )))]$ 
 []

! Undefined control sequence.
l.22 \aux
         {paisesMasGrosos}{j:JJOO}{[Pais]}{[p | x\leftarrow mejoresPaises(j)...
The control sequence at the end of the top line
of your error message was never \def'ed. If you have
misspelled it (e.g., `\hobx'), type `I' and the correct
spelling (e.g., `I\hbox'). Otherwise just continue,
and I'll forget about whatever was undefined.

Missing character: There is no p in font nullfont!
Missing character: There is no a in font nullfont!
Missing character: There is no i in font nullfont!
Missing character: There is no s in font nullfont!
Missing character: There is no e in font nullfont!
Missing character: There is no s in font nullfont!
Missing character: There is no M in font nullfont!
Missing character: There is no a in font nullfont!
Missing character: There is no s in font nullfont!
Missing character: There is no G in font nullfont!
Missing character: There is no r in font nullfont!
Missing character: There is no o in font nullfont!
Missing character: There is no s in font nullfont!
Missing character: There is no o in font nullfont!
Missing character: There is no s in font nullfont!
Missing character: There is no j in font nullfont!
Missing character: There is no : in font nullfont!
Missing character: There is no J in font nullfont!
Missing character: There is no J in font nullfont!
Missing character: There is no O in font nullfont!
Missing character: There is no O in font nullfont!
Missing character: There is no [ in font nullfont!
Missing character: There is no P in font nullfont!
Missing character: There is no a in font nullfont!
Missing character: There is no i in font nullfont!
Missing character: There is no s in font nullfont!
Missing character: There is no ] in font nullfont!
Missing character: There is no [ in font nullfont!
Missing character: There is no p in font nullfont!
Missing character: There is no | in font nullfont!
Missing character: There is no x in font nullfont!
! Missing $ inserted.
<inserted text> 
                $
l.22 ...asGrosos}{j:JJOO}{[Pais]}{[p | x\leftarrow
                                                   mejoresPaises(j), p\lefta...
I've inserted a begin-math/end-math symbol since I think
you left one out. Proceed, with fingers crossed.

! Extra }, or forgotten $.
l.22 ...row [0..|sgd(x)|-2], p \leq sgd(x)_{i+1}]}
                                                  
I've deleted a group-closing symbol because it seems to be
spurious, as in `$x}$'. But perhaps the } is legitimate and
you forgot something else, as in `\hbox{$x}'. In such cases
the way to recover is to insert both the forgotten and the
deleted material, e.g., by typing `I$}'.

! Missing $ inserted.
<inserted text> 
                $
l.23 
     
I've inserted a begin-math/end-math symbol since I think
you left one out. Proceed, with fingers crossed.


Overfull \hbox (20.0pt too wide) in paragraph at lines 22--23
[]
 []


Overfull \hbox (10.00002pt too wide) in paragraph at lines 22--23
\OMS/cmsy/m/n/10  
 []


Overfull \hbox (102.40025pt too wide) in paragraph at lines 22--23
\OML/cmm/m/it/10 mejoresPaises\/cmr/m/n/10 (\OML/cmm/m/it/10 j\/cmr/m/n/10 )\OM
L/cmm/m/it/10 ; p \OMS/cmsy/m/n/10  
 []


Overfull \hbox (49.18117pt too wide) in paragraph at lines 22--23
\OML/cmm/m/it/10 sgd\/cmr/m/n/10 (\OML/cmm/m/it/10 x\/cmr/m/n/10 )\OML/cmm/m/it
/10 ; i \OMS/cmsy/m/n/10  
 []


Overfull \hbox (55.18065pt too wide) in paragraph at lines 22--23
\/cmr/m/n/10 [0\OML/cmm/m/it/10 ::\OMS/cmsy/m/n/10 j\OML/cmm/m/it/10 sgd\/cmr/m
/n/10 (\OML/cmm/m/it/10 x\/cmr/m/n/10 )\OMS/cmsy/m/n/10 j ^^@
 []


Overfull \hbox (27.80898pt too wide) in paragraph at lines 22--23
\/cmr/m/n/10 2]\OML/cmm/m/it/10 ; p \OMS/cmsy/m/n/10 ^^T
 []


Overfull \hbox (44.74602pt too wide) in paragraph at lines 22--23
\OML/cmm/m/it/10 sgd\/cmr/m/n/10 (\OML/cmm/m/it/10 x\/cmr/m/n/10 )[]]$ 
 []

! Undefined control sequence.
l.24 \aux
         {patronDePaises}{j:JJOO}{[Pais]}{[ sub(paisesMasGrosos(j), 0, i-2) ...
The control sequence at the end of the top line
of your error message was never \def'ed. If you have
misspelled it (e.g., `\hobx'), type `I' and the correct
spelling (e.g., `I\hbox'). Otherwise just continue,
and I'll forget about whatever was undefined.

Missing character: There is no p in font nullfont!
Missing character: There is no a in font nullfont!
Missing character: There is no t in font nullfont!
Missing character: There is no r in font nullfont!
Missing character: There is no o in font nullfont!
Missing character: There is no n in font nullfont!
Missing character: There is no D in font nullfont!
Missing character: There is no e in font nullfont!
Missing character: There is no P in font nullfont!
Missing character: There is no a in font nullfont!
Missing character: There is no i in font nullfont!
Missing character: There is no s in font nullfont!
Missing character: There is no e in font nullfont!
Missing character: There is no s in font nullfont!
Missing character: There is no j in font nullfont!
Missing character: There is no : in font nullfont!
Missing character: There is no J in font nullfont!
Missing character: There is no J in font nullfont!
Missing character: There is no O in font nullfont!
Missing character: There is no O in font nullfont!
Missing character: There is no [ in font nullfont!
Missing character: There is no P in font nullfont!
Missing character: There is no a in font nullfont!
Missing character: There is no i in font nullfont!
Missing character: There is no s in font nullfont!
Missing character: There is no ] in font nullfont!
Missing character: There is no [ in font nullfont!
Missing character: There is no s in font nullfont!
Missing character: There is no u in font nullfont!
Missing character: There is no b in font nullfont!
Missing character: There is no ( in font nullfont!
Missing character: There is no p in font nullfont!
Missing character: There is no a in font nullfont!
Missing character: There is no i in font nullfont!
Missing character: There is no s in font nullfont!
Missing character: There is no e in font nullfont!
Missing character: There is no s in font nullfont!
Missing character: There is no M in font nullfont!
Missing character: There is no a in font nullfont!
Missing character: There is no s in font nullfont!
Missing character: There is no G in font nullfont!
Missing character: There is no r in font nullfont!
Missing character: There is no o in font nullfont!
Missing character: There is no s in font nullfont!
Missing character: There is no o in font nullfont!
Missing character: There is no s in font nullfont!
Missing character: There is no ( in font nullfont!
Missing character: There is no j in font nullfont!
Missing character: There is no ) in font nullfont!
Missing character: There is no , in font nullfont!
Missing character: There is no 0 in font nullfont!
Missing character: There is no , in font nullfont!
Missing character: There is no i in font nullfont!
Missing character: There is no - in font nullfont!
Missing character: There is no 2 in font nullfont!
Missing character: There is no ) in font nullfont!
Missing character: There is no | in font nullfont!
Missing character: There is no i in font nullfont!
! Missing $ inserted.
<inserted text> 
                $
l.24 ...paisesMasGrosos(j), 0, i-2) | i \leftarrow
                                                   [0..|paisesMasGrosos|-1],...
I've inserted a begin-math/end-math symbol since I think
you left one out. Proceed, with fingers crossed.

! Extra }, or forgotten $.
l.24 ...petidos(sub(paisesMasGrosos(j), 0, i))]_0}
                                                  
I've deleted a group-closing symbol because it seems to be
spurious, as in `$x}$'. But perhaps the } is legitimate and
you forgot something else, as in `\hbox{$x}'. In such cases
the way to recover is to insert both the forgotten and the
deleted material, e.g., by typing `I$}'.

! Missing $ inserted.
<inserted text> 
                $
l.25 
     
I've inserted a begin-math/end-math symbol since I think
you left one out. Proceed, with fingers crossed.


Overfull \hbox (20.0pt too wide) in paragraph at lines 24--25
[]
 []


Overfull \hbox (10.00002pt too wide) in paragraph at lines 24--25
\OMS/cmsy/m/n/10  
 []


Overfull \hbox (106.94664pt too wide) in paragraph at lines 24--25
\/cmr/m/n/10 [0\OML/cmm/m/it/10 ::\OMS/cmsy/m/n/10 j\OML/cmm/m/it/10 paisesMasG
rosos\OMS/cmsy/m/n/10 j ^^@
 []


Overfull \hbox (224.43906pt too wide) in paragraph at lines 24--25
\/cmr/m/n/10 1]\OML/cmm/m/it/10 ; \OMS/cmsy/m/n/10 :\OML/cmm/m/it/10 sinRepetid
os\/cmr/m/n/10 (\OML/cmm/m/it/10 sub\/cmr/m/n/10 (\OML/cmm/m/it/10 paisesMasGro
sos\/cmr/m/n/10 (\OML/cmm/m/it/10 j\/cmr/m/n/10 )\OML/cmm/m/it/10 ; \/cmr/m/n/1
0 0\OML/cmm/m/it/10 ; i\/cmr/m/n/10 ))][]$ 
 []

! Undefined control sequence.
l.26 \aux
         {verificaPaises}{j:JJOO}{Bool}{\forall i \in [0..|paisesMasGrosos(j...
The control sequence at the end of the top line
of your error message was never \def'ed. If you have
misspelled it (e.g., `\hobx'), type `I' and the correct
spelling (e.g., `I\hbox'). Otherwise just continue,
and I'll forget about whatever was undefined.

Missing character: There is no v in font nullfont!
Missing character: There is no e in font nullfont!
Missing character: There is no r in font nullfont!
Missing character: There is no i in font nullfont!
Missing character: There is no f in font nullfont!
Missing character: There is no i in font nullfont!
Missing character: There is no c in font nullfont!
Missing character: There is no a in font nullfont!
Missing character: There is no P in font nullfont!
Missing character: There is no a in font nullfont!
Missing character: There is no i in font nullfont!
Missing character: There is no s in font nullfont!
Missing character: There is no e in font nullfont!
Missing character: There is no s in font nullfont!
Missing character: There is no j in font nullfont!
Missing character: There is no : in font nullfont!
Missing character: There is no J in font nullfont!
Missing character: There is no J in font nullfont!
Missing character: There is no O in font nullfont!
Missing character: There is no O in font nullfont!
Missing character: There is no B in font nullfont!
Missing character: There is no o in font nullfont!
Missing character: There is no o in font nullfont!
Missing character: There is no l in font nullfont!
! Missing $ inserted.
<inserted text> 
                $
l.26 \aux{verificaPaises}{j:JJOO}{Bool}{\forall
                                                i \in [0..|paisesMasGrosos(j...
I've inserted a begin-math/end-math symbol since I think
you left one out. Proceed, with fingers crossed.

! Extra }, or forgotten $.
l.26 ...nDePaises(j)|) \leq |paisesMasGrosos(j)|)}
                                                  
I've deleted a group-closing symbol because it seems to be
spurious, as in `$x}$'. But perhaps the } is legitimate and
you forgot something else, as in `\hbox{$x}'. In such cases
the way to recover is to insert both the forgotten and the
deleted material, e.g., by typing `I$}'.

! Missing $ inserted.
<inserted text> 
                $
l.27 
     
I've inserted a begin-math/end-math symbol since I think
you left one out. Proceed, with fingers crossed.


Overfull \hbox (38.4451pt too wide) in paragraph at lines 26--27
[]$\OMS/cmsy/m/n/10 8\OML/cmm/m/it/10 i \OMS/cmsy/m/n/10 2
 []


Overfull \hbox (119.41493pt too wide) in paragraph at lines 26--27
\/cmr/m/n/10 [0\OML/cmm/m/it/10 ::\OMS/cmsy/m/n/10 j\OML/cmm/m/it/10 paisesMasG
rosos\/cmr/m/n/10 (\OML/cmm/m/it/10 j\/cmr/m/n/10 )\OMS/cmsy/m/n/10 j ^^@
 []


Overfull \hbox (12.22221pt too wide) in paragraph at lines 26--27
\/cmr/m/n/10 1]\OML/cmm/m/it/10 ; [] 
 []


Overfull \hbox (114.41078pt too wide) in paragraph at lines 26--27
\OML/cmm/m/it/10 paisesMasGrosos\/cmr/m/n/10 (\OML/cmm/m/it/10 j\/cmr/m/n/10 )[
] ==
 []


Overfull \hbox (183.12158pt too wide) in paragraph at lines 26--27
\OML/cmm/m/it/10 paisesMasGrosos\/cmr/m/n/10 (\OML/cmm/m/it/10 j\/cmr/m/n/10 )[
] \OMS/cmsy/m/n/10 ^
 []


Overfull \hbox (19.00073pt too wide) in paragraph at lines 26--27
\/cmr/m/n/10 ((\OML/cmm/m/it/10 i \/cmr/m/n/10 +
 []


Overfull \hbox (105.82pt too wide) in paragraph at lines 26--27
\OMS/cmsy/m/n/10 j\OML/cmm/m/it/10 patronDePaises\/cmr/m/n/10 (\OML/cmm/m/it/10
 j\/cmr/m/n/10 )\OMS/cmsy/m/n/10 j\/cmr/m/n/10 ) \OMS/cmsy/m/n/10 ^^T
 []


Overfull \hbox (102.19266pt too wide) in paragraph at lines 26--27
\OMS/cmsy/m/n/10 j\OML/cmm/m/it/10 paisesMasGrosos\/cmr/m/n/10 (\OML/cmm/m/it/1
0 j\/cmr/m/n/10 )\OMS/cmsy/m/n/10 j\/cmr/m/n/10 )$ 
 []


! LaTeX Error: \begin{document} ended by \end{problema}.

See the LaTeX manual or LaTeX Companion for explanation.
Type  H <return>  for immediate help.
 ...                                              
                                                  
l.28 \end{problema}
                   
Your command was ignored.
Type  I <command> <return>  to replace it with another command,
or  <return>  to continue without it.

! Missing } inserted.
<inserted text> 
                }
l.28 \end{problema}
                   
I've inserted something that you may have forgotten.
(See the <inserted text> above.)
With luck, this will get me unwedged. But if you
really didn't forget anything, try typing `2' now; then
my insertion and my current dilemma will both disappear.

! Missing } inserted.
<inserted text> 
                }
l.28 \end{problema}
                   
I've inserted something that you may have forgotten.
(See the <inserted text> above.)
With luck, this will get me unwedged. But if you
really didn't forget anything, try typing `2' now; then
my insertion and my current dilemma will both disappear.

! Missing } inserted.
<inserted text> 
                }
l.28 \end{problema}
                   
I've inserted something that you may have forgotten.
(See the <inserted text> above.)
With luck, this will get me unwedged. But if you
really didn't forget anything, try typing `2' now; then
my insertion and my current dilemma will both disappear.

! Missing } inserted.
<inserted text> 
                }
l.28 \end{problema}
                   
I've inserted something that you may have forgotten.
(See the <inserted text> above.)
With luck, this will get me unwedged. But if you
really didn't forget anything, try typing `2' now; then
my insertion and my current dilemma will both disappear.

! Missing } inserted.
<inserted text> 
                }
l.28 \end{problema}
                   
I've inserted something that you may have forgotten.
(See the <inserted text> above.)
With luck, this will get me unwedged. But if you
really didn't forget anything, try typing `2' now; then
my insertion and my current dilemma will both disappear.

! Missing } inserted.
<inserted text> 
                }
l.28 \end{problema}
                   
I've inserted something that you may have forgotten.
(See the <inserted text> above.)
With luck, this will get me unwedged. But if you
really didn't forget anything, try typing `2' now; then
my insertion and my current dilemma will both disappear.

! Missing } inserted.
<inserted text> 
                }
l.28 \end{problema}
                   
I've inserted something that you may have forgotten.
(See the <inserted text> above.)
With luck, this will get me unwedged. But if you
really didn't forget anything, try typing `2' now; then
my insertion and my current dilemma will both disappear.


! LaTeX Error: Lonely \item--perhaps a missing list environment.

See the LaTeX manual or LaTeX Companion for explanation.
Type  H <return>  for immediate help.
 ...                                              
                                                  
l.31 \begin
           {problema}{sequ\'{i}aOl\'{i}mpica}{j: JJOO}{[Pa\'{i}s]}
Try typing  <return>  to proceed.
If that doesn't work, type  X <return>  to quit.


! LaTeX Error: Environment problema undefined.

See the LaTeX manual or LaTeX Companion for explanation.
Type  H <return>  for immediate help.
 ...                                              
                                                  
l.31 \begin{problema}
                     {sequ\'{i}aOl\'{i}mpica}{j: JJOO}{[Pa\'{i}s]}
Your command was ignored.
Type  I <command> <return>  to replace it with another command,
or  <return>  to continue without it.

Missing character: There is no s in font nullfont!
Missing character: There is no e in font nullfont!
Missing character: There is no q in font nullfont!
Missing character: There is no u in font nullfont!
Missing character: There is no a in font nullfont!
Missing character: There is no O in font nullfont!
Missing character: There is no l in font nullfont!
Missing character: There is no m in font nullfont!
Missing character: There is no p in font nullfont!
Missing character: There is no i in font nullfont!
Missing character: There is no c in font nullfont!
Missing character: There is no a in font nullfont!
Missing character: There is no j in font nullfont!
Missing character: There is no : in font nullfont!
Missing character: There is no J in font nullfont!
Missing character: There is no J in font nullfont!
Missing character: There is no O in font nullfont!
Missing character: There is no O in font nullfont!
Missing character: There is no [ in font nullfont!
Missing character: There is no P in font nullfont!
Missing character: There is no a in font nullfont!
Missing character: There is no s in font nullfont!
Missing character: There is no ] in font nullfont!
! Undefined control sequence.
l.32 \aux
         {todosLosPaises}{J:JJOO}{[Pa\'{i}s]}{[nacionalidad(x)| x \leftarrow...
The control sequence at the end of the top line
of your error message was never \def'ed. If you have
misspelled it (e.g., `\hobx'), type `I' and the correct
spelling (e.g., `I\hbox'). Otherwise just continue,
and I'll forget about whatever was undefined.

Missing character: There is no t in font nullfont!
Missing character: There is no o in font nullfont!
Missing character: There is no d in font nullfont!
Missing character: There is no o in font nullfont!
Missing character: There is no s in font nullfont!
Missing character: There is no L in font nullfont!
Missing character: There is no o in font nullfont!
Missing character: There is no s in font nullfont!
Missing character: There is no P in font nullfont!
Missing character: There is no a in font nullfont!
Missing character: There is no i in font nullfont!
Missing character: There is no s in font nullfont!
Missing character: There is no e in font nullfont!
Missing character: There is no s in font nullfont!
Missing character: There is no J in font nullfont!
Missing character: There is no : in font nullfont!
Missing character: There is no J in font nullfont!
Missing character: There is no J in font nullfont!
Missing character: There is no O in font nullfont!
Missing character: There is no O in font nullfont!
Missing character: There is no [ in font nullfont!
Missing character: There is no P in font nullfont!
Missing character: There is no a in font nullfont!
Missing character: There is no s in font nullfont!
Missing character: There is no ] in font nullfont!
Missing character: There is no [ in font nullfont!
Missing character: There is no n in font nullfont!
Missing character: There is no a in font nullfont!
Missing character: There is no c in font nullfont!
Missing character: There is no i in font nullfont!
Missing character: There is no o in font nullfont!
Missing character: There is no n in font nullfont!
Missing character: There is no a in font nullfont!
Missing character: There is no l in font nullfont!
Missing character: There is no i in font nullfont!
Missing character: There is no d in font nullfont!
Missing character: There is no a in font nullfont!
Missing character: There is no d in font nullfont!
Missing character: There is no ( in font nullfont!
Missing character: There is no x in font nullfont!
Missing character: There is no ) in font nullfont!
Missing character: There is no | in font nullfont!
Missing character: There is no x in font nullfont!
! Missing $ inserted.
<inserted text> 
                $
l.32 ...[Pa\'{i}s]}{[nacionalidad(x)| x \leftarrow
                                                   atletas(j)]}
I've inserted a begin-math/end-math symbol since I think
you left one out. Proceed, with fingers crossed.

! Extra }, or forgotten $.
l.32 ...nacionalidad(x)| x \leftarrow atletas(j)]}
                                                  
I've deleted a group-closing symbol because it seems to be
spurious, as in `$x}$'. But perhaps the } is legitimate and
you forgot something else, as in `\hbox{$x}'. In such cases
the way to recover is to insert both the forgotten and the
deleted material, e.g., by typing `I$}'.

! Undefined control sequence.
l.33 \asegura
             {sinRepetidos(todosLosPaises(j))}
The control sequence at the end of the top line
of your error message was never \def'ed. If you have
misspelled it (e.g., `\hobx'), type `I' and the correct
spelling (e.g., `I\hbox'). Otherwise just continue,
and I'll forget about whatever was undefined.

! Missing $ inserted.
<inserted text> 
                $
l.34 
     
I've inserted a begin-math/end-math symbol since I think
you left one out. Proceed, with fingers crossed.


Overfull \hbox (5.55557pt too wide) in paragraph at lines 31--34
[]\/cmr/m/n/10 i[]i
 []


Overfull \hbox (2.77779pt too wide) in paragraph at lines 31--34
[]\/cmr/m/n/10 i
 []


Overfull \hbox (2.77779pt too wide) in paragraph at lines 31--34
[]\/cmr/m/n/10 i
 []


Overfull \hbox (10.00002pt too wide) in paragraph at lines 31--34
\OMS/cmsy/m/n/10  
 []


Overfull \hbox (193.86482pt too wide) in paragraph at lines 31--34
\OML/cmm/m/it/10 atletas\/cmr/m/n/10 (\OML/cmm/m/it/10 j\/cmr/m/n/10 )][]$ 
 []


! LaTeX Error: \begin{document} ended by \end{problema}.

See the LaTeX manual or LaTeX Companion for explanation.
Type  H <return>  for immediate help.
 ...                                              
                                                  
l.35 \end{problema}
                   
Your command was ignored.
Type  I <command> <return>  to replace it with another command,
or  <return>  to continue without it.

! Missing } inserted.
<inserted text> 
                }
l.35 \end{problema}
                   
I've inserted something that you may have forgotten.
(See the <inserted text> above.)
With luck, this will get me unwedged. But if you
really didn't forget anything, try typing `2' now; then
my insertion and my current dilemma will both disappear.


! LaTeX Error: Lonely \item--perhaps a missing list environment.

See the LaTeX manual or LaTeX Companion for explanation.
Type  H <return>  for immediate help.
 ...                                              
                                                  
l.38 \begin
           {problema}{transcurrirDia}{j: JJOO}{}
Try typing  <return>  to proceed.
If that doesn't work, type  X <return>  to quit.


! LaTeX Error: Environment problema undefined.

See the LaTeX manual or LaTeX Companion for explanation.
Type  H <return>  for immediate help.
 ...                                              
                                                  
l.38 \begin{problema}
                     {transcurrirDia}{j: JJOO}{}
Your command was ignored.
Type  I <command> <return>  to replace it with another command,
or  <return>  to continue without it.

Missing character: There is no t in font nullfont!
Missing character: There is no r in font nullfont!
Missing character: There is no a in font nullfont!
Missing character: There is no n in font nullfont!
Missing character: There is no s in font nullfont!
Missing character: There is no c in font nullfont!
Missing character: There is no u in font nullfont!
Missing character: There is no r in font nullfont!
Missing character: There is no r in font nullfont!
Missing character: There is no i in font nullfont!
Missing character: There is no r in font nullfont!
Missing character: There is no D in font nullfont!
Missing character: There is no i in font nullfont!
Missing character: There is no a in font nullfont!
Missing character: There is no j in font nullfont!
Missing character: There is no : in font nullfont!
Missing character: There is no J in font nullfont!
Missing character: There is no J in font nullfont!
Missing character: There is no O in font nullfont!
Missing character: There is no O in font nullfont!
! Undefined control sequence.
l.39 \requiere
              {jornadaActual(j) < cantDias(j)}
The control sequence at the end of the top line
of your error message was never \def'ed. If you have
misspelled it (e.g., `\hobx'), type `I' and the correct
spelling (e.g., `I\hbox'). Otherwise just continue,
and I'll forget about whatever was undefined.

Missing character: There is no j in font nullfont!
Missing character: There is no o in font nullfont!
Missing character: There is no r in font nullfont!
Missing character: There is no n in font nullfont!
Missing character: There is no a in font nullfont!
Missing character: There is no d in font nullfont!
Missing character: There is no a in font nullfont!
Missing character: There is no A in font nullfont!
Missing character: There is no c in font nullfont!
Missing character: There is no t in font nullfont!
Missing character: There is no u in font nullfont!
Missing character: There is no a in font nullfont!
Missing character: There is no l in font nullfont!
Missing character: There is no ( in font nullfont!
Missing character: There is no j in font nullfont!
Missing character: There is no ) in font nullfont!
Missing character: There is no < in font nullfont!
Missing character: There is no c in font nullfont!
Missing character: There is no a in font nullfont!
Missing character: There is no n in font nullfont!
Missing character: There is no t in font nullfont!
Missing character: There is no D in font nullfont!
Missing character: There is no i in font nullfont!
Missing character: There is no a in font nullfont!
Missing character: There is no s in font nullfont!
Missing character: There is no ( in font nullfont!
Missing character: There is no j in font nullfont!
Missing character: There is no ) in font nullfont!
! Undefined control sequence.
l.40 \modifica
              {j}
The control sequence at the end of the top line
of your error message was never \def'ed. If you have
misspelled it (e.g., `\hobx'), type `I' and the correct
spelling (e.g., `I\hbox'). Otherwise just continue,
and I'll forget about whatever was undefined.

Missing character: There is no j in font nullfont!
! Undefined control sequence.
l.41 \asegura
             {cantDias(j)==cantDias(pre(j))}
The control sequence at the end of the top line
of your error message was never \def'ed. If you have
misspelled it (e.g., `\hobx'), type `I' and the correct
spelling (e.g., `I\hbox'). Otherwise just continue,
and I'll forget about whatever was undefined.

Missing character: There is no c in font nullfont!
Missing character: There is no a in font nullfont!
Missing character: There is no n in font nullfont!
Missing character: There is no t in font nullfont!
Missing character: There is no D in font nullfont!
Missing character: There is no i in font nullfont!
Missing character: There is no a in font nullfont!
Missing character: There is no s in font nullfont!
Missing character: There is no ( in font nullfont!
Missing character: There is no j in font nullfont!
Missing character: There is no ) in font nullfont!
Missing character: There is no = in font nullfont!
Missing character: There is no = in font nullfont!
Missing character: There is no c in font nullfont!
Missing character: There is no a in font nullfont!
Missing character: There is no n in font nullfont!
Missing character: There is no t in font nullfont!
Missing character: There is no D in font nullfont!
Missing character: There is no i in font nullfont!
Missing character: There is no a in font nullfont!
Missing character: There is no s in font nullfont!
Missing character: There is no ( in font nullfont!
Missing character: There is no p in font nullfont!
Missing character: There is no r in font nullfont!
Missing character: There is no e in font nullfont!
Missing character: There is no ( in font nullfont!
Missing character: There is no j in font nullfont!
Missing character: There is no ) in font nullfont!
Missing character: There is no ) in font nullfont!
! Undefined control sequence.
l.42 \asegura
             {a\tilde{n}o(j)==a\tilde{n}o(pre(j))}
The control sequence at the end of the top line
of your error message was never \def'ed. If you have
misspelled it (e.g., `\hobx'), type `I' and the correct
spelling (e.g., `I\hbox'). Otherwise just continue,
and I'll forget about whatever was undefined.

Missing character: There is no a in font nullfont!
! Missing $ inserted.
<inserted text> 
                $
l.42 \asegura{a\tilde
                     {n}o(j)==a\tilde{n}o(pre(j))}
I've inserted a begin-math/end-math symbol since I think
you left one out. Proceed, with fingers crossed.

! Extra }, or forgotten $.
l.42 \asegura{a\tilde{n}o(j)==a\tilde{n}o(pre(j))}
                                                  
I've deleted a group-closing symbol because it seems to be
spurious, as in `$x}$'. But perhaps the } is legitimate and
you forgot something else, as in `\hbox{$x}'. In such cases
the way to recover is to insert both the forgotten and the
deleted material, e.g., by typing `I$}'.

! Undefined control sequence.
l.43 \asegura
             {mismos(atletas(j),atletas(pre(j))}
The control sequence at the end of the top line
of your error message was never \def'ed. If you have
misspelled it (e.g., `\hobx'), type `I' and the correct
spelling (e.g., `I\hbox'). Otherwise just continue,
and I'll forget about whatever was undefined.

! Undefined control sequence.
l.44 \asegura
             {(\forall d \in [1...cantDias(pre(j))]) cronograma(pre(j),d) ==...
The control sequence at the end of the top line
of your error message was never \def'ed. If you have
misspelled it (e.g., `\hobx'), type `I' and the correct
spelling (e.g., `I\hbox'). Otherwise just continue,
and I'll forget about whatever was undefined.

! Undefined control sequence.
l.45 \asegura
             { cambiaElDia: jornadaActual(j)==jornadaActual(pre(j))+1}
The control sequence at the end of the top line
of your error message was never \def'ed. If you have
misspelled it (e.g., `\hobx'), type `I' and the correct
spelling (e.g., `I\hbox'). Otherwise just continue,
and I'll forget about whatever was undefined.

! Undefined control sequence.
l.46 \asegura
             { rankingSegunMasCapaces: (\forall c \in cronograma(pre(j),jorn...
The control sequence at the end of the top line
of your error message was never \def'ed. If you have
misspelled it (e.g., `\hobx'), type `I' and the correct
spelling (e.g., `I\hbox'). Otherwise just continue,
and I'll forget about whatever was undefined.

! Undefined control sequence.
l.47 \asegura
             { unControlPorCompetencia: (\forall c \in cronograma( pre(j),jo...
The control sequence at the end of the top line
of your error message was never \def'ed. If you have
misspelled it (e.g., `\hobx'), type `I' and the correct
spelling (e.g., `I\hbox'). Otherwise just continue,
and I'll forget about whatever was undefined.

! Undefined control sequence.
l.48 \asegura
             { dopingPositivoMax5Porciento: (\exists a \in atletasLesTocoAnt...
The control sequence at the end of the top line
of your error message was never \def'ed. If you have
misspelled it (e.g., `\hobx'), type `I' and the correct
spelling (e.g., `I\hbox'). Otherwise just continue,
and I'll forget about whatever was undefined.

! Undefined control sequence.
l.49 \aux
         {porcentajePositivos}{j:JJOO}{$\mathbb{R}$}{ |atletasLesDioPositivo...
The control sequence at the end of the top line
of your error message was never \def'ed. If you have
misspelled it (e.g., `\hobx'), type `I' and the correct
spelling (e.g., `I\hbox'). Otherwise just continue,
and I'll forget about whatever was undefined.

! Missing } inserted.
<inserted text> 
                }
l.49 \aux{porcentajePositivos}{j:JJOO}{$
                                        \mathbb{R}$}{ |atletasLesDioPositivo...
I've inserted something that you may have forgotten.
(See the <inserted text> above.)
With luck, this will get me unwedged. But if you
really didn't forget anything, try typing `2' now; then
my insertion and my current dilemma will both disappear.

! Undefined control sequence.
l.49 \aux{porcentajePositivos}{j:JJOO}{$\mathbb
                                               {R}$}{ |atletasLesDioPositivo...
The control sequence at the end of the top line
of your error message was never \def'ed. If you have
misspelled it (e.g., `\hobx'), type `I' and the correct
spelling (e.g., `I\hbox'). Otherwise just continue,
and I'll forget about whatever was undefined.

Missing character: There is no R in font nullfont!
! Extra }, or forgotten $.
<recently read> }
                 
l.49 ...porcentajePositivos}{j:JJOO}{$\mathbb{R}$}
                                                  { |atletasLesDioPositivo(j...
I've deleted a group-closing symbol because it seems to be
spurious, as in `$x}$'. But perhaps the } is legitimate and
you forgot something else, as in `\hbox{$x}'. In such cases
the way to recover is to insert both the forgotten and the
deleted material, e.g., by typing `I$}'.

! Undefined control sequence.
l.50 \aux
         {atletasLesTocoAntiDoping}{j:JJOO,d:\ent}{[Atleta]}{[lesTocoControl...
The control sequence at the end of the top line
of your error message was never \def'ed. If you have
misspelled it (e.g., `\hobx'), type `I' and the correct
spelling (e.g., `I\hbox'). Otherwise just continue,
and I'll forget about whatever was undefined.

! Undefined control sequence.
l.50 \aux{atletasLesTocoAntiDoping}{j:JJOO,d:\ent
                                                 }{[Atleta]}{[lesTocoControl...
The control sequence at the end of the top line
of your error message was never \def'ed. If you have
misspelled it (e.g., `\hobx'), type `I' and the correct
spelling (e.g., `I\hbox'). Otherwise just continue,
and I'll forget about whatever was undefined.

! Undefined control sequence.
l.51 \aux
         {atletasLesDioPositivo}{j:JJOO,d:\ent}{[Atleta]}{[lesTocoControlAnt...
The control sequence at the end of the top line
of your error message was never \def'ed. If you have
misspelled it (e.g., `\hobx'), type `I' and the correct
spelling (e.g., `I\hbox'). Otherwise just continue,
and I'll forget about whatever was undefined.

! Undefined control sequence.
l.51 \aux{atletasLesDioPositivo}{j:JJOO,d:\ent
                                              }{[Atleta]}{[lesTocoControlAnt...
The control sequence at the end of the top line
of your error message was never \def'ed. If you have
misspelled it (e.g., `\hobx'), type `I' and the correct
spelling (e.g., `I\hbox'). Otherwise just continue,
and I'll forget about whatever was undefined.


! LaTeX Error: \begin{document} ended by \end{problema}.

See the LaTeX manual or LaTeX Companion for explanation.
Type  H <return>  for immediate help.
 ...                                              
                                                  
l.52 \end{problema}
                   
Your command was ignored.
Type  I <command> <return>  to replace it with another command,
or  <return>  to continue without it.

! Missing $ inserted.
<inserted text> 
                $
l.52 \end{problema}
                   
I've inserted something that you may have forgotten.
(See the <inserted text> above.)
With luck, this will get me unwedged. But if you
really didn't forget anything, try typing `2' now; then
my insertion and my current dilemma will both disappear.

! Missing } inserted.
<inserted text> 
                }
l.52 \end{problema}
                   
I've inserted something that you may have forgotten.
(See the <inserted text> above.)
With luck, this will get me unwedged. But if you
really didn't forget anything, try typing `2' now; then
my insertion and my current dilemma will both disappear.

)
! Emergency stop.
<*> ej11_14.tex
               
*** (job aborted, no legal \end found)

 
Here is how much of TeX's memory you used:
 18 strings out of 495061
 242 string characters out of 1182622
 50108 words of memory out of 3000000
 3294 multiletter control sequences out of 15000+50000
 3640 words of font info for 14 fonts, out of 3000000 for 9000
 28 hyphenation exceptions out of 8191
 18i,3n,16p,222b,95s stack positions out of 5000i,500n,10000p,200000b,50000s
!  ==> Fatal error occurred, no output PDF file produced!
