This is pdfTeX, Version 3.1415926-1.40.10 (TeX Live 2009/Debian) (format=pdflatex 2012.4.5)  11 APR 2012 00:28
entering extended mode
 %&-line parsing enabled.
**templateTP.tex
(./templateTP.tex
LaTeX2e <2009/09/24>
Babel <v3.8l> and hyphenation patterns for english, usenglishmax, dumylang, noh
yphenation, loaded.
(/usr/share/texmf-texlive/tex/latex/base/article.cls
Document Class: article 2007/10/19 v1.4h Standard LaTeX document class
(/usr/share/texmf-texlive/tex/latex/base/size10.clo
File: size10.clo 2007/10/19 v1.4h Standard LaTeX file (size option)
)
\c@part=\count79
\c@section=\count80
\c@subsection=\count81
\c@subsubsection=\count82
\c@paragraph=\count83
\c@subparagraph=\count84
\c@figure=\count85
\c@table=\count86
\abovecaptionskip=\skip41
\belowcaptionskip=\skip42
\bibindent=\dimen102
)
(/usr/share/texmf-texlive/tex/latex/base/inputenc.sty
Package: inputenc 2008/03/30 v1.1d Input encoding file
\inpenc@prehook=\toks14
\inpenc@posthook=\toks15

(/usr/share/texmf-texlive/tex/latex/base/utf8.def
File: utf8.def 2008/04/05 v1.1m UTF-8 support for inputenc
Now handling font encoding OML ...
... no UTF-8 mapping file for font encoding OML
Now handling font encoding T1 ...
... processing UTF-8 mapping file for font encoding T1

(/usr/share/texmf-texlive/tex/latex/base/t1enc.dfu
File: t1enc.dfu 2008/04/05 v1.1m UTF-8 support for inputenc
   defining Unicode char U+00A1 (decimal 161)
   defining Unicode char U+00A3 (decimal 163)
   defining Unicode char U+00AB (decimal 171)
   defining Unicode char U+00BB (decimal 187)
   defining Unicode char U+00BF (decimal 191)
   defining Unicode char U+00C0 (decimal 192)
   defining Unicode char U+00C1 (decimal 193)
   defining Unicode char U+00C2 (decimal 194)
   defining Unicode char U+00C3 (decimal 195)
   defining Unicode char U+00C4 (decimal 196)
   defining Unicode char U+00C5 (decimal 197)
   defining Unicode char U+00C6 (decimal 198)
   defining Unicode char U+00C7 (decimal 199)
   defining Unicode char U+00C8 (decimal 200)
   defining Unicode char U+00C9 (decimal 201)
   defining Unicode char U+00CA (decimal 202)
   defining Unicode char U+00CB (decimal 203)
   defining Unicode char U+00CC (decimal 204)
   defining Unicode char U+00CD (decimal 205)
   defining Unicode char U+00CE (decimal 206)
   defining Unicode char U+00CF (decimal 207)
   defining Unicode char U+00D0 (decimal 208)
   defining Unicode char U+00D1 (decimal 209)
   defining Unicode char U+00D2 (decimal 210)
   defining Unicode char U+00D3 (decimal 211)
   defining Unicode char U+00D4 (decimal 212)
   defining Unicode char U+00D5 (decimal 213)
   defining Unicode char U+00D6 (decimal 214)
   defining Unicode char U+00D8 (decimal 216)
   defining Unicode char U+00D9 (decimal 217)
   defining Unicode char U+00DA (decimal 218)
   defining Unicode char U+00DB (decimal 219)
   defining Unicode char U+00DC (decimal 220)
   defining Unicode char U+00DD (decimal 221)
   defining Unicode char U+00DE (decimal 222)
   defining Unicode char U+00DF (decimal 223)
   defining Unicode char U+00E0 (decimal 224)
   defining Unicode char U+00E1 (decimal 225)
   defining Unicode char U+00E2 (decimal 226)
   defining Unicode char U+00E3 (decimal 227)
   defining Unicode char U+00E4 (decimal 228)
   defining Unicode char U+00E5 (decimal 229)
   defining Unicode char U+00E6 (decimal 230)
   defining Unicode char U+00E7 (decimal 231)
   defining Unicode char U+00E8 (decimal 232)
   defining Unicode char U+00E9 (decimal 233)
   defining Unicode char U+00EA (decimal 234)
   defining Unicode char U+00EB (decimal 235)
   defining Unicode char U+00EC (decimal 236)
   defining Unicode char U+00ED (decimal 237)
   defining Unicode char U+00EE (decimal 238)
   defining Unicode char U+00EF (decimal 239)
   defining Unicode char U+00F0 (decimal 240)
   defining Unicode char U+00F1 (decimal 241)
   defining Unicode char U+00F2 (decimal 242)
   defining Unicode char U+00F3 (decimal 243)
   defining Unicode char U+00F4 (decimal 244)
   defining Unicode char U+00F5 (decimal 245)
   defining Unicode char U+00F6 (decimal 246)
   defining Unicode char U+00F8 (decimal 248)
   defining Unicode char U+00F9 (decimal 249)
   defining Unicode char U+00FA (decimal 250)
   defining Unicode char U+00FB (decimal 251)
   defining Unicode char U+00FC (decimal 252)
   defining Unicode char U+00FD (decimal 253)
   defining Unicode char U+00FE (decimal 254)
   defining Unicode char U+00FF (decimal 255)
   defining Unicode char U+0102 (decimal 258)
   defining Unicode char U+0103 (decimal 259)
   defining Unicode char U+0104 (decimal 260)
   defining Unicode char U+0105 (decimal 261)
   defining Unicode char U+0106 (decimal 262)
   defining Unicode char U+0107 (decimal 263)
   defining Unicode char U+010C (decimal 268)
   defining Unicode char U+010D (decimal 269)
   defining Unicode char U+010E (decimal 270)
   defining Unicode char U+010F (decimal 271)
   defining Unicode char U+0110 (decimal 272)
   defining Unicode char U+0111 (decimal 273)
   defining Unicode char U+0118 (decimal 280)
   defining Unicode char U+0119 (decimal 281)
   defining Unicode char U+011A (decimal 282)
   defining Unicode char U+011B (decimal 283)
   defining Unicode char U+011E (decimal 286)
   defining Unicode char U+011F (decimal 287)
   defining Unicode char U+0130 (decimal 304)
   defining Unicode char U+0131 (decimal 305)
   defining Unicode char U+0132 (decimal 306)
   defining Unicode char U+0133 (decimal 307)
   defining Unicode char U+0139 (decimal 313)
   defining Unicode char U+013A (decimal 314)
   defining Unicode char U+013D (decimal 317)
   defining Unicode char U+013E (decimal 318)
   defining Unicode char U+0141 (decimal 321)
   defining Unicode char U+0142 (decimal 322)
   defining Unicode char U+0143 (decimal 323)
   defining Unicode char U+0144 (decimal 324)
   defining Unicode char U+0147 (decimal 327)
   defining Unicode char U+0148 (decimal 328)
   defining Unicode char U+014A (decimal 330)
   defining Unicode char U+014B (decimal 331)
   defining Unicode char U+0150 (decimal 336)
   defining Unicode char U+0151 (decimal 337)
   defining Unicode char U+0152 (decimal 338)
   defining Unicode char U+0153 (decimal 339)
   defining Unicode char U+0154 (decimal 340)
   defining Unicode char U+0155 (decimal 341)
   defining Unicode char U+0158 (decimal 344)
   defining Unicode char U+0159 (decimal 345)
   defining Unicode char U+015A (decimal 346)
   defining Unicode char U+015B (decimal 347)
   defining Unicode char U+015E (decimal 350)
   defining Unicode char U+015F (decimal 351)
   defining Unicode char U+0160 (decimal 352)
   defining Unicode char U+0161 (decimal 353)
   defining Unicode char U+0162 (decimal 354)
   defining Unicode char U+0163 (decimal 355)
   defining Unicode char U+0164 (decimal 356)
   defining Unicode char U+0165 (decimal 357)
   defining Unicode char U+016E (decimal 366)
   defining Unicode char U+016F (decimal 367)
   defining Unicode char U+0170 (decimal 368)
   defining Unicode char U+0171 (decimal 369)
   defining Unicode char U+0178 (decimal 376)
   defining Unicode char U+0179 (decimal 377)
   defining Unicode char U+017A (decimal 378)
   defining Unicode char U+017B (decimal 379)
   defining Unicode char U+017C (decimal 380)
   defining Unicode char U+017D (decimal 381)
   defining Unicode char U+017E (decimal 382)
   defining Unicode char U+200C (decimal 8204)
   defining Unicode char U+2013 (decimal 8211)
   defining Unicode char U+2014 (decimal 8212)
   defining Unicode char U+2018 (decimal 8216)
   defining Unicode char U+2019 (decimal 8217)
   defining Unicode char U+201A (decimal 8218)
   defining Unicode char U+201C (decimal 8220)
   defining Unicode char U+201D (decimal 8221)
   defining Unicode char U+201E (decimal 8222)
   defining Unicode char U+2030 (decimal 8240)
   defining Unicode char U+2031 (decimal 8241)
   defining Unicode char U+2039 (decimal 8249)
   defining Unicode char U+203A (decimal 8250)
   defining Unicode char U+2423 (decimal 9251)
)
Now handling font encoding OT1 ...
... processing UTF-8 mapping file for font encoding OT1

(/usr/share/texmf-texlive/tex/latex/base/ot1enc.dfu
File: ot1enc.dfu 2008/04/05 v1.1m UTF-8 support for inputenc
   defining Unicode char U+00A1 (decimal 161)
   defining Unicode char U+00A3 (decimal 163)
   defining Unicode char U+00B8 (decimal 184)
   defining Unicode char U+00BF (decimal 191)
   defining Unicode char U+00C5 (decimal 197)
   defining Unicode char U+00C6 (decimal 198)
   defining Unicode char U+00D8 (decimal 216)
   defining Unicode char U+00DF (decimal 223)
   defining Unicode char U+00E6 (decimal 230)
   defining Unicode char U+00EC (decimal 236)
   defining Unicode char U+00ED (decimal 237)
   defining Unicode char U+00EE (decimal 238)
   defining Unicode char U+00EF (decimal 239)
   defining Unicode char U+00F8 (decimal 248)
   defining Unicode char U+0131 (decimal 305)
   defining Unicode char U+0141 (decimal 321)
   defining Unicode char U+0142 (decimal 322)
   defining Unicode char U+0152 (decimal 338)
   defining Unicode char U+0153 (decimal 339)
   defining Unicode char U+2013 (decimal 8211)
   defining Unicode char U+2014 (decimal 8212)
   defining Unicode char U+2018 (decimal 8216)
   defining Unicode char U+2019 (decimal 8217)
   defining Unicode char U+201C (decimal 8220)
   defining Unicode char U+201D (decimal 8221)
)
Now handling font encoding OMS ...
... processing UTF-8 mapping file for font encoding OMS

(/usr/share/texmf-texlive/tex/latex/base/omsenc.dfu
File: omsenc.dfu 2008/04/05 v1.1m UTF-8 support for inputenc
   defining Unicode char U+00A7 (decimal 167)
   defining Unicode char U+00B6 (decimal 182)
   defining Unicode char U+00B7 (decimal 183)
   defining Unicode char U+2020 (decimal 8224)
   defining Unicode char U+2021 (decimal 8225)
   defining Unicode char U+2022 (decimal 8226)
)
Now handling font encoding OMX ...
... no UTF-8 mapping file for font encoding OMX
Now handling font encoding U ...
... no UTF-8 mapping file for font encoding U
   defining Unicode char U+00A9 (decimal 169)
   defining Unicode char U+00AA (decimal 170)
   defining Unicode char U+00AE (decimal 174)
   defining Unicode char U+00BA (decimal 186)
   defining Unicode char U+02C6 (decimal 710)
   defining Unicode char U+02DC (decimal 732)
   defining Unicode char U+200C (decimal 8204)
   defining Unicode char U+2026 (decimal 8230)
   defining Unicode char U+2122 (decimal 8482)
   defining Unicode char U+2423 (decimal 9251)
))
(/usr/share/texmf-texlive/tex/latex/amsmath/amsmath.sty
Package: amsmath 2000/07/18 v2.13 AMS math features
\@mathmargin=\skip43

For additional information on amsmath, use the `?' option.
(/usr/share/texmf-texlive/tex/latex/amsmath/amstext.sty
Package: amstext 2000/06/29 v2.01

(/usr/share/texmf-texlive/tex/latex/amsmath/amsgen.sty
File: amsgen.sty 1999/11/30 v2.0
\@emptytoks=\toks16
\ex@=\dimen103
))
(/usr/share/texmf-texlive/tex/latex/amsmath/amsbsy.sty
Package: amsbsy 1999/11/29 v1.2d
\pmbraise@=\dimen104
)
(/usr/share/texmf-texlive/tex/latex/amsmath/amsopn.sty
Package: amsopn 1999/12/14 v2.01 operator names
)
\inf@bad=\count87
LaTeX Info: Redefining \frac on input line 211.
\uproot@=\count88
\leftroot@=\count89
LaTeX Info: Redefining \overline on input line 307.
\classnum@=\count90
\DOTSCASE@=\count91
LaTeX Info: Redefining \ldots on input line 379.
LaTeX Info: Redefining \dots on input line 382.
LaTeX Info: Redefining \cdots on input line 467.
\Mathstrutbox@=\box26
\strutbox@=\box27
\big@size=\dimen105
LaTeX Font Info:    Redeclaring font encoding OML on input line 567.
LaTeX Font Info:    Redeclaring font encoding OMS on input line 568.
\macc@depth=\count92
\c@MaxMatrixCols=\count93
\dotsspace@=\muskip10
\c@parentequation=\count94
\dspbrk@lvl=\count95
\tag@help=\toks17
\row@=\count96
\column@=\count97
\maxfields@=\count98
\andhelp@=\toks18
\eqnshift@=\dimen106
\alignsep@=\dimen107
\tagshift@=\dimen108
\tagwidth@=\dimen109
\totwidth@=\dimen110
\lineht@=\dimen111
\@envbody=\toks19
\multlinegap=\skip44
\multlinetaggap=\skip45
\mathdisplay@stack=\toks20
LaTeX Info: Redefining \[ on input line 2666.
LaTeX Info: Redefining \] on input line 2667.
)
(/usr/share/texmf-texlive/tex/latex/amsfonts/amsfonts.sty
Package: amsfonts 2009/06/22 v3.00 Basic AMSFonts support
\symAMSa=\mathgroup4
\symAMSb=\mathgroup5
LaTeX Font Info:    Overwriting math alphabet `\mathfrak' in version `bold'
(Font)                  U/euf/m/n --> U/euf/b/n on input line 96.
)
(/usr/share/texmf-texlive/tex/latex/amsfonts/amssymb.sty
Package: amssymb 2009/06/22 v3.00
) (./caratula.sty
Package: caratula 2003/4/13 v0.1 Para componer caratulas de TPs del DC

Cargando package 'caratula' v0.2 (21/4/2003)
\intlist=\toks21
) (/usr/share/texmf-texlive/tex/generic/babel/babel.sty
Package: babel 2008/07/06 v3.8l The Babel package

(/usr/share/texmf-texlive/tex/generic/babel/spanish.ldf
Language: spanish.ldf 2009/01/02 v5.0h Spanish support from the babel system

(/usr/share/texmf-texlive/tex/generic/babel/babel.def
File: babel.def 2008/07/06 v3.8l Babel common definitions
\babel@savecnt=\count99
\U@D=\dimen112
)

Package babel Warning: No hyphenation patterns were loaded for
(babel)                the language `Spanish'
(babel)                I will use the patterns loaded for \language=0 instead.

\l@spanish = a dialect from \language0
\es@datefmt=\count100
\es@quottoks=\toks22
\es@quotdepth=\count101
Package babel Info: Making " an active character on input line 492.
Package babel Info: Making . an active character on input line 585.
Package babel Info: Making < an active character on input line 630.
Package babel Info: Making > an active character on input line 630.
))

! LaTeX Error: Option clash for package inputenc.

See the LaTeX manual or LaTeX Companion for explanation.
Type  H <return>  for immediate help.
 ...                                              
                                                  
l.10 \usepackage
                {framed}
The package inputenc has already been loaded with options:
  [utf8]
There has now been an attempt to load it with options
  [latin1]
Adding the global options:
  utf8,latin1
to your \documentclass declaration may fix this.
Try typing  <return>  to proceed.

(/usr/share/texmf-texlive/tex/latex/ltxmisc/framed.sty
Package: framed 2007/10/04 v 0.95: framed or shaded text with page breaks
\fb@frw=\dimen113
\fb@frh=\dimen114
\FrameRule=\dimen115
\FrameSep=\dimen116
) (./macrosAlgo1.tex
(/usr/share/texmf-texlive/tex/latex/base/ifthen.sty
Package: ifthen 2001/05/26 v1.1c Standard LaTeX ifthen package (DPC)
)
(/usr/share/texmf-texlive/tex/latex/tools/multicol.sty
Package: multicol 2008/12/05 v1.6h multicolumn formatting (FMi)
\c@tracingmulticols=\count102
\mult@box=\box28
\multicol@leftmargin=\dimen117
\c@unbalance=\count103
\c@collectmore=\count104
\doublecol@number=\count105
\multicoltolerance=\count106
\multicolpretolerance=\count107
\full@width=\dimen118
\page@free=\dimen119
\premulticols=\dimen120
\postmulticols=\dimen121
\multicolsep=\skip46
\multicolbaselineskip=\skip47
\partial@page=\box29
\last@line=\box30
\mult@rightbox=\box31
\mult@grightbox=\box32
\mult@gfirstbox=\box33
\mult@firstbox=\box34
\@tempa=\box35
\@tempa=\box36
\@tempa=\box37
\@tempa=\box38
\@tempa=\box39
\@tempa=\box40
\@tempa=\box41
\@tempa=\box42
\@tempa=\box43
\@tempa=\box44
\@tempa=\box45
\@tempa=\box46
\@tempa=\box47
\@tempa=\box48
\@tempa=\box49
\@tempa=\box50
\@tempa=\box51
\c@columnbadness=\count108
\c@finalcolumnbadness=\count109
\last@try=\dimen122
\multicolovershoot=\dimen123
\multicolundershoot=\dimen124
\mult@nat@firstbox=\box52
\colbreak@box=\box53
)
(/usr/share/texmf-texlive/tex/latex/textpos/textpos.sty
Package: textpos 2009/05/28 v1.7f

Package: `textpos' 1.7f <2009 May 28>
(/usr/share/texmf-texlive/tex/latex/ms/everyshi.sty
Package: everyshi 2001/05/15 v3.00 EveryShipout Package (MS)
)
\TP@textbox=\box54
\TP@holdbox=\box55
\TPHorizModule=\dimen125
\TPVertModule=\dimen126
\TP@margin=\dimen127
\TP@absmargin=\dimen128

Grid set 16 x 16 = 37.34424pt x 52.81541pt
\TPboxrulesize=\dimen129
\TP@ox=\dimen130
\TP@oy=\dimen131
\TP@tbargs=\toks23
\TP@prevdepth=\dimen132
TextBlockOrigin set to 0pt x 0pt
) (/usr/share/texmf-texlive/tex/latex/geometry/geometry.sty
Package: geometry 2008/12/21 v4.2 Page Geometry

(/usr/share/texmf-texlive/tex/latex/graphics/keyval.sty
Package: keyval 1999/03/16 v1.13 key=value parser (DPC)
\KV@toks@=\toks24
)
(/usr/share/texmf-texlive/tex/generic/oberdiek/ifpdf.sty
Package: ifpdf 2009/04/10 v2.0 Provides the ifpdf switch (HO)
Package ifpdf Info: pdfTeX in pdf mode detected.
)
(/usr/share/texmf-texlive/tex/generic/oberdiek/ifvtex.sty
Package: ifvtex 2008/11/04 v1.4 Switches for detecting VTeX and its modes (HO)
Package ifvtex Info: VTeX not detected.
)
\Gm@cnth=\count110
\Gm@cntv=\count111
\c@Gm@tempcnt=\count112
\Gm@bindingoffset=\dimen133
\Gm@wd@mp=\dimen134
\Gm@odd@mp=\dimen135
\Gm@even@mp=\dimen136
\Gm@dimlist=\toks25
)
(/usr/share/texmf-texlive/tex/latex/graphics/color.sty
Package: color 2005/11/14 v1.0j Standard LaTeX Color (DPC)
LaTeX Info: Redefining \color on input line 76.

(/etc/texmf/tex/latex/config/color.cfg
File: color.cfg 2007/01/18 v1.5 color configuration of teTeX/TeXLive
)
Package color Info: Driver file: pdftex.def on input line 130.

(/usr/share/texmf-texlive/tex/latex/pdftex-def/pdftex.def
File: pdftex.def 2010/03/12 v0.04p Graphics/color for pdfTeX
\Gread@gobject=\count113
))
\c@consigna=\count114
) (./templateTP.aux)
\openout1 = `templateTP.aux'.

LaTeX Font Info:    Checking defaults for OML/cmm/m/it on input line 20.
LaTeX Font Info:    ... okay on input line 20.
LaTeX Font Info:    Checking defaults for T1/cmr/m/n on input line 20.
LaTeX Font Info:    ... okay on input line 20.
LaTeX Font Info:    Checking defaults for OT1/cmr/m/n on input line 20.
LaTeX Font Info:    ... okay on input line 20.
LaTeX Font Info:    Checking defaults for OMS/cmsy/m/n on input line 20.
LaTeX Font Info:    ... okay on input line 20.
LaTeX Font Info:    Checking defaults for OMX/cmex/m/n on input line 20.
LaTeX Font Info:    ... okay on input line 20.
LaTeX Font Info:    Checking defaults for U/cmr/m/n on input line 20.
LaTeX Font Info:    ... okay on input line 20.
ABD: EveryShipout initializing macros
*geometry auto-detecting driver*
*geometry detected driver: pdftex*
-------------------- Geometry parameters
paper: a4paper
landscape: --
twocolumn: --
twoside: --
asymmetric: --
h-parts: 28.45274pt, 540.60239pt, 28.45274pt
v-parts: 28.45274pt, 759.6886pt, 56.9055pt
hmarginratio: --
vmarginratio: --
lines: --
heightrounded: --
bindingoffset: 0.0pt
truedimen: --
includehead: --
includefoot: --
includemp: --
driver: pdftex
-------------------- Page layout dimensions and switches
\paperwidth  597.50787pt
\paperheight 845.04684pt
\textwidth  540.60239pt
\textheight 759.6886pt
\oddsidemargin  -43.81725pt
\evensidemargin -43.81725pt
\topmargin  -80.81725pt
\headheight 12.0pt
\headsep    25.0pt
\footskip   30.0pt
\marginparwidth 57.0pt
\marginparsep   11.0pt
\columnsep  10.0pt
\skip\footins  9.0pt plus 4.0pt minus 2.0pt
\hoffset 0.0pt
\voffset 0.0pt
\mag 1000

(1in=72.27pt, 1cm=28.45pt)
-----------------------
(/usr/share/texmf-texlive/tex/context/base/supp-pdf.mkii
[Loading MPS to PDF converter (version 2006.09.02).]
\scratchcounter=\count115
\scratchdimen=\dimen137
\scratchbox=\box56
\nofMPsegments=\count116
\nofMParguments=\count117
\everyMPshowfont=\toks26
\MPscratchCnt=\count118
\MPscratchDim=\dimen138
\MPnumerator=\count119
\everyMPtoPDFconversion=\toks27
)
! Faltan datos de la caratula! Ingresar 'h' para mas informacion..
\maketitle ... Ingresar 'h' para mas informacion.}
                                                  \fi \thispagestyle {empty}...
l.36 \maketitle
               
Te olvidaste de proveer una \materia {}.

LaTeX Font Info:    Try loading font information for U+msa on input line 36.
(/usr/share/texmf-texlive/tex/latex/amsfonts/umsa.fd
File: umsa.fd 2009/06/22 v3.00 AMS symbols A
)
LaTeX Font Info:    Try loading font information for U+msb on input line 36.

(/usr/share/texmf-texlive/tex/latex/amsfonts/umsb.fd
File: umsb.fd 2009/06/22 v3.00 AMS symbols B
) [1

{/var/lib/texmf/fonts/map/pdftex/updmap/pdftex.map}]
LaTeX Font Info:    Font shape `OT1/cmtt/bx/n' in size <10> not available
(Font)              Font shape `OT1/cmtt/m/n' tried instead on input line 45.
LaTeX Font Info:    Try loading font information for OMS+cmr on input line 45.

(/usr/share/texmf-texlive/tex/latex/base/omscmr.fd
File: omscmr.fd 1999/05/25 v2.5h Standard LaTeX font definitions
)
LaTeX Font Info:    Font shape `OMS/cmr/m/n' in size <10> not available
(Font)              Font shape `OMS/cmsy/m/n' tried instead on input line 45.


LaTeX Warning: Command \~ invalid in math mode on input line 51.

! Please use \mathaccent for accents in math mode.
\add@accent ...@spacefactor \spacefactor }\accent 
                                                  #1 #2\egroup \spacefactor ...
l.51 ...±oNacimiento(a) == a√±oNacimiento(pre(a))}
                                                  
I'm changing \accent to \mathaccent here; wish me luck.
(Accents are not the same in formulas as they are in text.)

! You can't use `\spacefactor' in math mode.
\add@accent ...}\accent #1 #2\egroup \spacefactor 
                                                  \accent@spacefactor 
l.51 ...±oNacimiento(a) == a√±oNacimiento(pre(a))}
                                                  
Sorry, but I'm not programmed to handle this case;
I'll just pretend that you didn't ask for it.
If you're in the wrong mode, you might be able to
return to the right one by typing `I}' or `I$' or `I\par'.

! You can't use `\spacefactor' in math mode.
<argument> ...cefactor \spacefactor }\spacefactor 
                                                  \accent@spacefactor 
l.51 ...±oNacimiento(a) == a√±oNacimiento(pre(a))}
                                                  
Sorry, but I'm not programmed to handle this case;
I'll just pretend that you didn't ask for it.
If you're in the wrong mode, you might be able to
return to the right one by typing `I}' or `I$' or `I\par'.


LaTeX Warning: Command \~ invalid in math mode on input line 51.

! Please use \mathaccent for accents in math mode.
\add@accent ...@spacefactor \spacefactor }\accent 
                                                  #1 #2\egroup \spacefactor ...
l.51 ...±oNacimiento(a) == a√±oNacimiento(pre(a))}
                                                  
I'm changing \accent to \mathaccent here; wish me luck.
(Accents are not the same in formulas as they are in text.)

! You can't use `\spacefactor' in math mode.
\add@accent ...}\accent #1 #2\egroup \spacefactor 
                                                  \accent@spacefactor 
l.51 ...±oNacimiento(a) == a√±oNacimiento(pre(a))}
                                                  
Sorry, but I'm not programmed to handle this case;
I'll just pretend that you didn't ask for it.
If you're in the wrong mode, you might be able to
return to the right one by typing `I}' or `I$' or `I\par'.

! You can't use `\spacefactor' in math mode.
<argument> ...cefactor \spacefactor }\spacefactor 
                                                  \accent@spacefactor 
l.51 ...±oNacimiento(a) == a√±oNacimiento(pre(a))}
                                                  
Sorry, but I'm not programmed to handle this case;
I'll just pretend that you didn't ask for it.
If you're in the wrong mode, you might be able to
return to the right one by typing `I}' or `I$' or `I\par'.

Missing character: There is no Ë in font cmex10!
Missing character: There is no Ë in font cmex10!
Missing character: There is no Ë in font cmex10!
Missing character: There is no Ë in font cmex10!
[2] [3]
! Double subscript.
<argument> ...Medallas(sgd(result_x),sgd(result_x_
                                                  +_1)) )
l.110 ...allas(sgd(result_x),sgd(result_x_+_1)) )}
                                                  
I treat `x_1_2' essentially like `x_1{}_2'.

! Double subscript.
<argument> ...dallas(sgd(result_x),sgd(result_x_+_
                                                  1)) )
l.110 ...allas(sgd(result_x),sgd(result_x_+_1)) )}
                                                  
I treat `x_1_2' essentially like `x_1{}_2'.


Overfull \hbox (27.55482pt too wide) in paragraph at lines 110--110
 []\OT1/cmtt/m/n/10 asegura $\OML/cmm/m/it/10 mejoresMedallasQueSiguiente \OT1/
cmr/m/n/10 : (\OMS/cmsy/m/n/10 8\OML/cmm/m/it/10 x \OMS/cmsy/m/n/10   \OT1/cmr/
m/n/10 [0\OML/cmm/m/it/10 ::\OMS/cmsy/m/n/10 j\OML/cmm/m/it/10 result\OMS/cmsy/
m/n/10 j ^^@ \OT1/cmr/m/n/10 1)\OML/cmm/m/it/10 ; mejoresOIgualesMedallas\OT1/c
mr/m/n/10 (\OML/cmm/m/it/10 sgd\OT1/cmr/m/n/10 (\OML/cmm/m/it/10 result[]\OT1/c
mr/m/n/10 )\OML/cmm/m/it/10 ; sgd\OT1/cmr/m/n/10 (\OML/cmm/m/it/10 result[][][]
\OT1/cmr/m/n/10 )))$\OT1/cmr/bx/n/10 ; 
 []

[4]
Overfull \hbox (33.74165pt too wide) in paragraph at lines 112--112
 []\OT1/cmtt/m/n/10 aux superaPorOro \OT1/cmr/m/n/10 (m: [$\U/msb/m/n/10 Z$\OT1
/cmr/m/n/10 ], p: [$\U/msb/m/n/10 Z$\OT1/cmr/m/n/10 ]) : $[]$ = $\OML/cmm/m/it/
10 ifThenElse\OT1/cmr/m/n/10 (\OML/cmm/m/it/10 m[] > p[]; []; ifThenElse\OT1/cm
r/m/n/10 (\OML/cmm/m/it/10 m[] \OT1/cmr/m/n/10 == \OML/cmm/m/it/10 p[]; superaP
orPlata\OT1/cmr/m/n/10 (\OML/cmm/m/it/10 m; p\OT1/cmr/m/n/10 )\OML/cmm/m/it/10 
; []\OT1/cmr/m/n/10 ))$\OT1/cmr/bx/n/10 ; 
 []


Overfull \hbox (51.77864pt too wide) in paragraph at lines 113--113
 []\OT1/cmtt/m/n/10 aux superaPorPlata \OT1/cmr/m/n/10 (m: [$\U/msb/m/n/10 Z$\O
T1/cmr/m/n/10 ], p: [$\U/msb/m/n/10 Z$\OT1/cmr/m/n/10 ]) : $[]$ = $\OML/cmm/m/i
t/10 ifThenElse\OT1/cmr/m/n/10 (\OML/cmm/m/it/10 m[] > p[]; []; ifThenElse\OT1/
cmr/m/n/10 (\OML/cmm/m/it/10 m[] \OT1/cmr/m/n/10 == \OML/cmm/m/it/10 p[]; super
aPorBronce\OT1/cmr/m/n/10 (\OML/cmm/m/it/10 m; p\OT1/cmr/m/n/10 )\OML/cmm/m/it/
10 ; []\OT1/cmr/m/n/10 ))$\OT1/cmr/bx/n/10 ; 
 []


LaTeX Warning: Command \~ invalid in math mode on input line 123.

! Please use \mathaccent for accents in math mode.
\add@accent ...@spacefactor \spacefactor }\accent 
                                                  #1 #2\egroup \spacefactor ...
l.123 \asegura{a√±o(j)== a√±o(pre(j))}
                                      
I'm changing \accent to \mathaccent here; wish me luck.
(Accents are not the same in formulas as they are in text.)

! You can't use `\spacefactor' in math mode.
\add@accent ...}\accent #1 #2\egroup \spacefactor 
                                                  \accent@spacefactor 
l.123 \asegura{a√±o(j)== a√±o(pre(j))}
                                      
Sorry, but I'm not programmed to handle this case;
I'll just pretend that you didn't ask for it.
If you're in the wrong mode, you might be able to
return to the right one by typing `I}' or `I$' or `I\par'.

! You can't use `\spacefactor' in math mode.
<argument> ...cefactor \spacefactor }\spacefactor 
                                                  \accent@spacefactor 
l.123 \asegura{a√±o(j)== a√±o(pre(j))}
                                      
Sorry, but I'm not programmed to handle this case;
I'll just pretend that you didn't ask for it.
If you're in the wrong mode, you might be able to
return to the right one by typing `I}' or `I$' or `I\par'.


LaTeX Warning: Command \~ invalid in math mode on input line 123.

! Please use \mathaccent for accents in math mode.
\add@accent ...@spacefactor \spacefactor }\accent 
                                                  #1 #2\egroup \spacefactor ...
l.123 \asegura{a√±o(j)== a√±o(pre(j))}
                                      
I'm changing \accent to \mathaccent here; wish me luck.
(Accents are not the same in formulas as they are in text.)

! You can't use `\spacefactor' in math mode.
\add@accent ...}\accent #1 #2\egroup \spacefactor 
                                                  \accent@spacefactor 
l.123 \asegura{a√±o(j)== a√±o(pre(j))}
                                      
Sorry, but I'm not programmed to handle this case;
I'll just pretend that you didn't ask for it.
If you're in the wrong mode, you might be able to
return to the right one by typing `I}' or `I$' or `I\par'.

! You can't use `\spacefactor' in math mode.
<argument> ...cefactor \spacefactor }\spacefactor 
                                                  \accent@spacefactor 
l.123 \asegura{a√±o(j)== a√±o(pre(j))}
                                      
Sorry, but I'm not programmed to handle this case;
I'll just pretend that you didn't ask for it.
If you're in the wrong mode, you might be able to
return to the right one by typing `I}' or `I$' or `I\par'.

Missing character: There is no Ë in font cmex10!
Missing character: There is no Ë in font cmex10!
Missing character: There is no Ë in font cmex10!
Missing character: There is no Ë in font cmex10!

Overfull \hbox (59.11409pt too wide) in paragraph at lines 134--134
 []\OT1/cmtt/m/n/10 asegura $\OML/cmm/m/it/10 tienenMasCompetenciasQueElResto \
OT1/cmr/m/n/10 : (\OMS/cmsy/m/n/10 8\OML/cmm/m/it/10 x \OMS/cmsy/m/n/10 2 \OML/
cmm/m/it/10 result; y \OMS/cmsy/m/n/10 2 \OML/cmm/m/it/10 atletasSinMedallasPor
Pais\OT1/cmr/m/n/10 (\OML/cmm/m/it/10 j; p\OT1/cmr/m/n/10 ))\OML/cmm/m/it/10 co
mpetenciasDelAtleta\OT1/cmr/m/n/10 (\OML/cmm/m/it/10 j; x\OT1/cmr/m/n/10 ) \OML
/cmm/m/it/10 >
 []

[5]
Overfull \hbox (16.65062pt too wide) in paragraph at lines 135--135
 []\OT1/cmtt/m/n/10 aux noGanoMedallas \OT1/cmr/m/n/10 (j:JJOO,a:Atleta) : $[]$
 = $(\OMS/cmsy/m/n/10 8\OML/cmm/m/it/10 c \OMS/cmsy/m/n/10 2 \OML/cmm/m/it/10 c
ompetencias\OT1/cmr/m/n/10 (\OML/cmm/m/it/10 j\OT1/cmr/m/n/10 )\OML/cmm/m/it/10
 ; finalizada\OT1/cmr/m/n/10 (\OML/cmm/m/it/10 c\OT1/cmr/m/n/10 ))\OML/cmm/m/it
/10 a \OMS/cmsy/m/n/10 6\OT1/cmr/m/n/10 = \OML/cmm/m/it/10 ranking\OT1/cmr/m/n/
10 (\OML/cmm/m/it/10 c\OT1/cmr/m/n/10 )[] \OMS/cmsy/m/n/10 ^ \OML/cmm/m/it/10 a
 \OMS/cmsy/m/n/10 6\OT1/cmr/m/n/10 = \OML/cmm/m/it/10 ranking\OT1/cmr/m/n/10 (\
OML/cmm/m/it/10 c\OT1/cmr/m/n/10 )[] \OMS/cmsy/m/n/10 ^
 []


Overfull \hbox (26.52408pt too wide) in paragraph at lines 137--137
 []\OT1/cmtt/m/n/10 aux atletasSinMedallasPorPais \OT1/cmr/m/n/10 (j:JJOO,p:Pai
s) : $[]$ = $[\OML/cmm/m/it/10 a\OMS/cmsy/m/n/10 j\OML/cmm/m/it/10 a \OMS/cmsy/
m/n/10 2 \OML/cmm/m/it/10 atletas\OT1/cmr/m/n/10 (\OML/cmm/m/it/10 j\OT1/cmr/m/
n/10 )\OML/cmm/m/it/10 ; nacionalidad\OT1/cmr/m/n/10 (\OML/cmm/m/it/10 a\OT1/cm
r/m/n/10 ) == \OML/cmm/m/it/10 p; noGanoMedallas\OT1/cmr/m/n/10 (\OML/cmm/m/it/
10 j; a\OT1/cmr/m/n/10 )]$\OT1/cmr/bx/n/10 ; 
 []


LaTeX Warning: Command \~ invalid in math mode on input line 146.

! Please use \mathaccent for accents in math mode.
\add@accent ...@spacefactor \spacefactor }\accent 
                                                  #1 #2\egroup \spacefactor ...
l.146 ...√±oNacimiento(a)==a√±oNacimiento(pre(a))}
                                                  
I'm changing \accent to \mathaccent here; wish me luck.
(Accents are not the same in formulas as they are in text.)

! You can't use `\spacefactor' in math mode.
\add@accent ...}\accent #1 #2\egroup \spacefactor 
                                                  \accent@spacefactor 
l.146 ...√±oNacimiento(a)==a√±oNacimiento(pre(a))}
                                                  
Sorry, but I'm not programmed to handle this case;
I'll just pretend that you didn't ask for it.
If you're in the wrong mode, you might be able to
return to the right one by typing `I}' or `I$' or `I\par'.

! You can't use `\spacefactor' in math mode.
<argument> ...cefactor \spacefactor }\spacefactor 
                                                  \accent@spacefactor 
l.146 ...√±oNacimiento(a)==a√±oNacimiento(pre(a))}
                                                  
Sorry, but I'm not programmed to handle this case;
I'll just pretend that you didn't ask for it.
If you're in the wrong mode, you might be able to
return to the right one by typing `I}' or `I$' or `I\par'.


LaTeX Warning: Command \~ invalid in math mode on input line 146.

! Please use \mathaccent for accents in math mode.
\add@accent ...@spacefactor \spacefactor }\accent 
                                                  #1 #2\egroup \spacefactor ...
l.146 ...√±oNacimiento(a)==a√±oNacimiento(pre(a))}
                                                  
I'm changing \accent to \mathaccent here; wish me luck.
(Accents are not the same in formulas as they are in text.)

! You can't use `\spacefactor' in math mode.
\add@accent ...}\accent #1 #2\egroup \spacefactor 
                                                  \accent@spacefactor 
l.146 ...√±oNacimiento(a)==a√±oNacimiento(pre(a))}
                                                  
Sorry, but I'm not programmed to handle this case;
I'll just pretend that you didn't ask for it.
If you're in the wrong mode, you might be able to
return to the right one by typing `I}' or `I$' or `I\par'.

! You can't use `\spacefactor' in math mode.
<argument> ...cefactor \spacefactor }\spacefactor 
                                                  \accent@spacefactor 
l.146 ...√±oNacimiento(a)==a√±oNacimiento(pre(a))}
                                                  
Sorry, but I'm not programmed to handle this case;
I'll just pretend that you didn't ask for it.
If you're in the wrong mode, you might be able to
return to the right one by typing `I}' or `I$' or `I\par'.

Missing character: There is no Ë in font cmex10!
Missing character: There is no Ë in font cmex10!
Missing character: There is no Ë in font cmex10!
Missing character: There is no Ë in font cmex10!

LaTeX Warning: Command \~ invalid in math mode on input line 150.

! Please use \mathaccent for accents in math mode.
\add@accent ...@spacefactor \spacefactor }\accent 
                                                  #1 #2\egroup \spacefactor ...
l.150 \asegura{a√±o(j)==a√±o(pre(j))}
                                     
I'm changing \accent to \mathaccent here; wish me luck.
(Accents are not the same in formulas as they are in text.)

! You can't use `\spacefactor' in math mode.
\add@accent ...}\accent #1 #2\egroup \spacefactor 
                                                  \accent@spacefactor 
l.150 \asegura{a√±o(j)==a√±o(pre(j))}
                                     
Sorry, but I'm not programmed to handle this case;
I'll just pretend that you didn't ask for it.
If you're in the wrong mode, you might be able to
return to the right one by typing `I}' or `I$' or `I\par'.

! You can't use `\spacefactor' in math mode.
<argument> ...cefactor \spacefactor }\spacefactor 
                                                  \accent@spacefactor 
l.150 \asegura{a√±o(j)==a√±o(pre(j))}
                                     
Sorry, but I'm not programmed to handle this case;
I'll just pretend that you didn't ask for it.
If you're in the wrong mode, you might be able to
return to the right one by typing `I}' or `I$' or `I\par'.


LaTeX Warning: Command \~ invalid in math mode on input line 150.

! Please use \mathaccent for accents in math mode.
\add@accent ...@spacefactor \spacefactor }\accent 
                                                  #1 #2\egroup \spacefactor ...
l.150 \asegura{a√±o(j)==a√±o(pre(j))}
                                     
I'm changing \accent to \mathaccent here; wish me luck.
(Accents are not the same in formulas as they are in text.)

! You can't use `\spacefactor' in math mode.
\add@accent ...}\accent #1 #2\egroup \spacefactor 
                                                  \accent@spacefactor 
l.150 \asegura{a√±o(j)==a√±o(pre(j))}
                                     
Sorry, but I'm not programmed to handle this case;
I'll just pretend that you didn't ask for it.
If you're in the wrong mode, you might be able to
return to the right one by typing `I}' or `I$' or `I\par'.

! You can't use `\spacefactor' in math mode.
<argument> ...cefactor \spacefactor }\spacefactor 
                                                  \accent@spacefactor 
l.150 \asegura{a√±o(j)==a√±o(pre(j))}
                                     
Sorry, but I'm not programmed to handle this case;
I'll just pretend that you didn't ask for it.
If you're in the wrong mode, you might be able to
return to the right one by typing `I}' or `I$' or `I\par'.

Missing character: There is no Ë in font cmex10!
Missing character: There is no Ë in font cmex10!
Missing character: There is no Ë in font cmex10!
Missing character: There is no Ë in font cmex10!
[6]
! Missing $ inserted.
<inserted text> 
                $
l.168 ...\leftarrow [1..cantDias(j)}, c \leftarrow
                                                   cronograma(j,dia), sgd(cr...
I've inserted a begin-math/end-math symbol since I think
you left one out. Proceed, with fingers crossed.

! Double subscript.
l.168 ..., sgd(cronograma)_c == sgd(cronograma)_c_
                                                  +_1} %saco las compentenci...
I treat `x_1_2' essentially like `x_1{}_2'.

! Double subscript.
l.168 ...sgd(cronograma)_c == sgd(cronograma)_c_+_
                                                  1} %saco las compentencias...
I treat `x_1_2' essentially like `x_1{}_2'.

! Extra }, or forgotten $.
l.168 ...d(cronograma)_c == sgd(cronograma)_c_+_1}
                                                   %saco las compentencias p...
I've deleted a group-closing symbol because it seems to be
spurious, as in `$x}$'. But perhaps the } is legitimate and
you forgot something else, as in `\hbox{$x}'. In such cases
the way to recover is to insert both the forgotten and the
deleted material, e.g., by typing `I$}'.


! LaTeX Error: Command \bfseries invalid in math mode.

See the LaTeX manual or LaTeX Companion for explanation.
Type  H <return>  for immediate help.
 ...                                              
                                                  
l.169 ...)),  c \in sgd(competenciaspordia(j)) ] }
                                                   % como guardo la tupla? s...

Please use the math alphabet \mathbf instead of the \bfseries command. 


! LaTeX Error: Command \ttfamily invalid in math mode.

See the LaTeX manual or LaTeX Companion for explanation.
Type  H <return>  for immediate help.
 ...                                              
                                                  
l.169 ...)),  c \in sgd(competenciaspordia(j)) ] }
                                                   % como guardo la tupla? s...

Please use the math alphabet \mathtt instead of the \ttfamily command. 


! LaTeX Error: Command \ttfamily invalid in math mode.

See the LaTeX manual or LaTeX Companion for explanation.
Type  H <return>  for immediate help.
 ...                                              
                                                  
l.169 ...)),  c \in sgd(competenciaspordia(j)) ] }
                                                   % como guardo la tupla? s...

Please use the math alphabet \mathtt instead of the \ttfamily command. 


! LaTeX Error: Command \bfseries invalid in math mode.

See the LaTeX manual or LaTeX Companion for explanation.
Type  H <return>  for immediate help.
 ...                                              
                                                  
l.169 ...)),  c \in sgd(competenciaspordia(j)) ] }
                                                   % como guardo la tupla? s...

Please use the math alphabet \mathbf instead of the \bfseries command. 

! Missing $ inserted.
<inserted text> 
                $
l.169 ...)),  c \in sgd(competenciaspordia(j)) ] }
                                                   % como guardo la tupla? s...
I've inserted a begin-math/end-math symbol since I think
you left one out. Proceed, with fingers crossed.

! Missing } inserted.
<inserted text> 
                }
l.169 ...)),  c \in sgd(competenciaspordia(j)) ] }
                                                   % como guardo la tupla? s...
I've inserted something that you may have forgotten.
(See the <inserted text> above.)
With luck, this will get me unwedged. But if you
really didn't forget anything, try typing `2' now; then
my insertion and my current dilemma will both disappear.

! Missing } inserted.
<inserted text> 
                }
l.169 ...)),  c \in sgd(competenciaspordia(j)) ] }
                                                   % como guardo la tupla? s...
I've inserted something that you may have forgotten.
(See the <inserted text> above.)
With luck, this will get me unwedged. But if you
really didn't forget anything, try typing `2' now; then
my insertion and my current dilemma will both disappear.


Overfull \hbox (9.29758pt too wide) in paragraph at lines 168--169
 []\OT1/cmr/m/n/10 , c $\OMS/cmsy/m/n/10   \OML/cmm/m/it/10 cronograma\OT1/cmr/
m/n/10 (\OML/cmm/m/it/10 j; dia\OT1/cmr/m/n/10 )\OML/cmm/m/it/10 ; sgd\OT1/cmr/
m/n/10 (\OML/cmm/m/it/10 cronograma\OT1/cmr/m/n/10 )[] == \OML/cmm/m/it/10 sgd\
OT1/cmr/m/n/10 (\OML/cmm/m/it/10 cronograma\OT1/cmr/m/n/10 )[][][][][] (\OML/cm
m/m/it/10 j \OT1/cmr/m/n/10 : \OML/cmm/m/it/10 JJOO\OT1/cmr/m/n/10 )  : [\OML/c
mm/m/it/10 Dia\OT1/cmr/m/n/10 ][\OML/cmm/m/it/10 Atleta\OT1/cmr/m/n/10 ]  =
 []

! Extra }, or forgotten \endgroup.
\par ...m \@noitemerr {\@@par }\fi \else {\@@par }
                                                  \fi 
l.169 ...)),  c \in sgd(competenciaspordia(j)) ] }
                                                   % como guardo la tupla? s...
I've deleted a group-closing symbol because it seems to be
spurious, as in `$x}$'. But perhaps the } is legitimate and
you forgot something else, as in `\hbox{$x}'. In such cases
the way to recover is to insert both the forgotten and the
deleted material, e.g., by typing `I$}'.

! Extra }, or forgotten \endgroup.
\aux ...emath {#4}{\normalfont \bfseries \,;\par }
                                                  
l.169 ...)),  c \in sgd(competenciaspordia(j)) ] }
                                                   % como guardo la tupla? s...
I've deleted a group-closing symbol because it seems to be
spurious, as in `$x}$'. But perhaps the } is legitimate and
you forgot something else, as in `\hbox{$x}'. In such cases
the way to recover is to insert both the forgotten and the
deleted material, e.g., by typing `I$}'.

! Missing $ inserted.
<inserted text> 
                $
l.170 ...tas(j)), a \in sgd(mejoresAtletas(j)) ] }
                                                  
I've inserted a begin-math/end-math symbol since I think
you left one out. Proceed, with fingers crossed.


! LaTeX Error: Command \bfseries invalid in math mode.

See the LaTeX manual or LaTeX Companion for explanation.
Type  H <return>  for immediate help.
 ...                                              
                                                  
l.170 ...tas(j)), a \in sgd(mejoresAtletas(j)) ] }
                                                  
Please use the math alphabet \mathbf instead of the \bfseries command. 

! Missing $ inserted.
<inserted text> 
                $
l.170 ...tas(j)), a \in sgd(mejoresAtletas(j)) ] }
                                                  
I've inserted a begin-math/end-math symbol since I think
you left one out. Proceed, with fingers crossed.

! Missing } inserted.
<inserted text> 
                }
l.170 ...tas(j)), a \in sgd(mejoresAtletas(j)) ] }
                                                  
I've inserted something that you may have forgotten.
(See the <inserted text> above.)
With luck, this will get me unwedged. But if you
really didn't forget anything, try typing `2' now; then
my insertion and my current dilemma will both disappear.

! Missing } inserted.
<inserted text> 
                }
l.170 ...tas(j)), a \in sgd(mejoresAtletas(j)) ] }
                                                  
I've inserted something that you may have forgotten.
(See the <inserted text> above.)
With luck, this will get me unwedged. But if you
really didn't forget anything, try typing `2' now; then
my insertion and my current dilemma will both disappear.


Overfull \hbox (26.78226pt too wide) in paragraph at lines 170--170
 []\OT1/cmtt/m/n/10 aux paisesoro \OT1/cmr/m/n/10 (j: JJOO) : [Dia][Pais][$[]] 
 = [\OML/cmm/m/it/10 dia; nacionalidad\OT1/cmr/m/n/10 (\OML/cmm/m/it/10 a\OT1/c
mr/m/n/10 )\OML/cmm/m/it/10 ; [] \OMS/cmsy/m/n/10 j\OML/cmm/m/it/10 dia \OMS/cm
sy/m/n/10   \OML/cmm/m/it/10 prm\OT1/cmr/m/n/10 (\OML/cmm/m/it/10 mejoresAtleta
s\OT1/cmr/m/n/10 (\OML/cmm/m/it/10 j\OT1/cmr/m/n/10 ))\OML/cmm/m/it/10 ; a \OMS
/cmsy/m/n/10 2 \OML/cmm/m/it/10 sgd\OT1/cmr/m/n/10 (\OML/cmm/m/it/10 mejoresAtl
etas\OT1/cmr/m/n/10 (\OML/cmm/m/it/10 j\OT1/cmr/m/n/10 ))][]$ 
 []

! Extra }, or forgotten \endgroup.
\par ...m \@noitemerr {\@@par }\fi \else {\@@par }
                                                  \fi 
l.170 ...tas(j)), a \in sgd(mejoresAtletas(j)) ] }
                                                  
I've deleted a group-closing symbol because it seems to be
spurious, as in `$x}$'. But perhaps the } is legitimate and
you forgot something else, as in `\hbox{$x}'. In such cases
the way to recover is to insert both the forgotten and the
deleted material, e.g., by typing `I$}'.

! Extra }, or forgotten \endgroup.
\aux ...emath {#4}{\normalfont \bfseries \,;\par }
                                                  
l.170 ...tas(j)), a \in sgd(mejoresAtletas(j)) ] }
                                                  
I've deleted a group-closing symbol because it seems to be
spurious, as in `$x}$'. But perhaps the } is legitimate and
you forgot something else, as in `\hbox{$x}'. In such cases
the way to recover is to insert both the forgotten and the
deleted material, e.g., by typing `I$}'.

! Missing $ inserted.
<inserted text> 
                $
l.171 ...leftarrow sgd(paisesoro(j)), cuenta() ] }
                                                   %como cuento
I've inserted a begin-math/end-math symbol since I think
you left one out. Proceed, with fingers crossed.


! LaTeX Error: Command \bfseries invalid in math mode.

See the LaTeX manual or LaTeX Companion for explanation.
Type  H <return>  for immediate help.
 ...                                              
                                                  
l.171 ...leftarrow sgd(paisesoro(j)), cuenta() ] }
                                                   %como cuento
Please use the math alphabet \mathbf instead of the \bfseries command. 

! Missing $ inserted.
<inserted text> 
                $
l.171 ...leftarrow sgd(paisesoro(j)), cuenta() ] }
                                                   %como cuento
I've inserted a begin-math/end-math symbol since I think
you left one out. Proceed, with fingers crossed.

! Missing } inserted.
<inserted text> 
                }
l.171 ...leftarrow sgd(paisesoro(j)), cuenta() ] }
                                                   %como cuento
I've inserted something that you may have forgotten.
(See the <inserted text> above.)
With luck, this will get me unwedged. But if you
really didn't forget anything, try typing `2' now; then
my insertion and my current dilemma will both disappear.

! Missing } inserted.
<inserted text> 
                }
l.171 ...leftarrow sgd(paisesoro(j)), cuenta() ] }
                                                   %como cuento
I've inserted something that you may have forgotten.
(See the <inserted text> above.)
With luck, this will get me unwedged. But if you
really didn't forget anything, try typing `2' now; then
my insertion and my current dilemma will both disappear.

! Extra }, or forgotten \endgroup.
\par ...m \@noitemerr {\@@par }\fi \else {\@@par }
                                                  \fi 
l.171 ...leftarrow sgd(paisesoro(j)), cuenta() ] }
                                                   %como cuento
I've deleted a group-closing symbol because it seems to be
spurious, as in `$x}$'. But perhaps the } is legitimate and
you forgot something else, as in `\hbox{$x}'. In such cases
the way to recover is to insert both the forgotten and the
deleted material, e.g., by typing `I$}'.

! Extra }, or forgotten \endgroup.
\aux ...emath {#4}{\normalfont \bfseries \,;\par }
                                                  
l.171 ...leftarrow sgd(paisesoro(j)), cuenta() ] }
                                                   %como cuento
I've deleted a group-closing symbol because it seems to be
spurious, as in `$x}$'. But perhaps the } is legitimate and
you forgot something else, as in `\hbox{$x}'. In such cases
the way to recover is to insert both the forgotten and the
deleted material, e.g., by typing `I$}'.

! Double subscript.
<argument> ...ia(j), h \leftarrow [paisordenado_x_
                                                  +_1...|paisordenado|-1], k...
l.172 ..._|__x_-_|_|_p_a_i_s_o_r_d_e_n_a_d_o_|__j}
                                                  
I treat `x_1_2' essentially like `x_1{}_2'.

! Double subscript.
<argument> ...(j), h \leftarrow [paisordenado_x_+_
                                                  1...|paisordenado|-1], k \...
l.172 ..._|__x_-_|_|_p_a_i_s_o_r_d_e_n_a_d_o_|__j}
                                                  
I treat `x_1_2' essentially like `x_1{}_2'.

! Double subscript.
<argument> ...ge paisordenado_x == paisordenado_k_
                                                  +_(_|_p_a_i_s_o_r_d_e_n_a_...
l.172 ..._|__x_-_|_|_p_a_i_s_o_r_d_e_n_a_d_o_|__j}
                                                  
I treat `x_1_2' essentially like `x_1{}_2'.

! Double subscript.
<argument> ... paisordenado_x == paisordenado_k_+_
                                                  (_|_p_a_i_s_o_r_d_e_n_a_d_...
l.172 ..._|__x_-_|_|_p_a_i_s_o_r_d_e_n_a_d_o_|__j}
                                                  
I treat `x_1_2' essentially like `x_1{}_2'.

! Double subscript.
<argument> ...aisordenado_x == paisordenado_k_+_(_
                                                  |_p_a_i_s_o_r_d_e_n_a_d_o_...
l.172 ..._|__x_-_|_|_p_a_i_s_o_r_d_e_n_a_d_o_|__j}
                                                  
I treat `x_1_2' essentially like `x_1{}_2'.

! Double subscript.
<argument> ...sordenado_x == paisordenado_k_+_(_|_
                                                  p_a_i_s_o_r_d_e_n_a_d_o_|_...
l.172 ..._|__x_-_|_|_p_a_i_s_o_r_d_e_n_a_d_o_|__j}
                                                  
I treat `x_1_2' essentially like `x_1{}_2'.

! Double subscript.
<argument> ...rdenado_x == paisordenado_k_+_(_|_p_
                                                  a_i_s_o_r_d_e_n_a_d_o_|__x...
l.172 ..._|__x_-_|_|_p_a_i_s_o_r_d_e_n_a_d_o_|__j}
                                                  
I treat `x_1_2' essentially like `x_1{}_2'.

! Double subscript.
<argument> ...enado_x == paisordenado_k_+_(_|_p_a_
                                                  i_s_o_r_d_e_n_a_d_o_|__x_-...
l.172 ..._|__x_-_|_|_p_a_i_s_o_r_d_e_n_a_d_o_|__j}
                                                  
I treat `x_1_2' essentially like `x_1{}_2'.

! Double subscript.
<argument> ...ado_x == paisordenado_k_+_(_|_p_a_i_
                                                  s_o_r_d_e_n_a_d_o_|__x_-_|...
l.172 ..._|__x_-_|_|_p_a_i_s_o_r_d_e_n_a_d_o_|__j}
                                                  
I treat `x_1_2' essentially like `x_1{}_2'.

! Double subscript.
<argument> ...o_x == paisordenado_k_+_(_|_p_a_i_s_
                                                  o_r_d_e_n_a_d_o_|__x_-_|_|...
l.172 ..._|__x_-_|_|_p_a_i_s_o_r_d_e_n_a_d_o_|__j}
                                                  
I treat `x_1_2' essentially like `x_1{}_2'.

! Double subscript.
<argument> ...x == paisordenado_k_+_(_|_p_a_i_s_o_
                                                  r_d_e_n_a_d_o_|__x_-_|_|_p...
l.172 ..._|__x_-_|_|_p_a_i_s_o_r_d_e_n_a_d_o_|__j}
                                                  
I treat `x_1_2' essentially like `x_1{}_2'.

! Double subscript.
<argument> ...== paisordenado_k_+_(_|_p_a_i_s_o_r_
                                                  d_e_n_a_d_o_|__x_-_|_|_p_a...
l.172 ..._|__x_-_|_|_p_a_i_s_o_r_d_e_n_a_d_o_|__j}
                                                  
I treat `x_1_2' essentially like `x_1{}_2'.

! Double subscript.
<argument> ... paisordenado_k_+_(_|_p_a_i_s_o_r_d_
                                                  e_n_a_d_o_|__x_-_|_|_p_a_i...
l.172 ..._|__x_-_|_|_p_a_i_s_o_r_d_e_n_a_d_o_|__j}
                                                  
I treat `x_1_2' essentially like `x_1{}_2'.

! Double subscript.
<argument> ...aisordenado_k_+_(_|_p_a_i_s_o_r_d_e_
                                                  n_a_d_o_|__x_-_|_|_p_a_i_s...
l.172 ..._|__x_-_|_|_p_a_i_s_o_r_d_e_n_a_d_o_|__j}
                                                  
I treat `x_1_2' essentially like `x_1{}_2'.

! Double subscript.
<argument> ...sordenado_k_+_(_|_p_a_i_s_o_r_d_e_n_
                                                  a_d_o_|__x_-_|_|_p_a_i_s_o...
l.172 ..._|__x_-_|_|_p_a_i_s_o_r_d_e_n_a_d_o_|__j}
                                                  
I treat `x_1_2' essentially like `x_1{}_2'.

! Double subscript.
<argument> ...rdenado_k_+_(_|_p_a_i_s_o_r_d_e_n_a_
                                                  d_o_|__x_-_|_|_p_a_i_s_o_r...
l.172 ..._|__x_-_|_|_p_a_i_s_o_r_d_e_n_a_d_o_|__j}
                                                  
I treat `x_1_2' essentially like `x_1{}_2'.

! Double subscript.
<argument> ...enado_k_+_(_|_p_a_i_s_o_r_d_e_n_a_d_
                                                  o_|__x_-_|_|_p_a_i_s_o_r_d...
l.172 ..._|__x_-_|_|_p_a_i_s_o_r_d_e_n_a_d_o_|__j}
                                                  
I treat `x_1_2' essentially like `x_1{}_2'.

! Double subscript.
<argument> ...ado_k_+_(_|_p_a_i_s_o_r_d_e_n_a_d_o_
                                                  |__x_-_|_|_p_a_i_s_o_r_d_e...
l.172 ..._|__x_-_|_|_p_a_i_s_o_r_d_e_n_a_d_o_|__j}
                                                  
I treat `x_1_2' essentially like `x_1{}_2'.

! Double subscript.
<argument> ...o_k_+_(_|_p_a_i_s_o_r_d_e_n_a_d_o_|_
                                                  _x_-_|_|_p_a_i_s_o_r_d_e_n...
l.172 ..._|__x_-_|_|_p_a_i_s_o_r_d_e_n_a_d_o_|__j}
                                                  
I treat `x_1_2' essentially like `x_1{}_2'.

! Missing { inserted.
<to be read again> 
                   _
l.172 ..._|__x_-_|_|_p_a_i_s_o_r_d_e_n_a_d_o_|__j}
                                                  
A left brace was mandatory here, so I've put one in.
You might want to delete and/or insert some corrections
so that I will find a matching right brace soon.
(If you're confused by all this, try typing `I}' now.)

! Double subscript.
<argument> ..._+_(_|_p_a_i_s_o_r_d_e_n_a_d_o_|__x_
                                                  -_|_|_p_a_i_s_o_r_d_e_n_a_...
l.172 ..._|__x_-_|_|_p_a_i_s_o_r_d_e_n_a_d_o_|__j}
                                                  
I treat `x_1_2' essentially like `x_1{}_2'.

! Double subscript.
<argument> ..._(_|_p_a_i_s_o_r_d_e_n_a_d_o_|__x_-_
                                                  |_|_p_a_i_s_o_r_d_e_n_a_d_...
l.172 ..._|__x_-_|_|_p_a_i_s_o_r_d_e_n_a_d_o_|__j}
                                                  
I treat `x_1_2' essentially like `x_1{}_2'.

! Double subscript.
<argument> ..._|_p_a_i_s_o_r_d_e_n_a_d_o_|__x_-_|_
                                                  |_p_a_i_s_o_r_d_e_n_a_d_o_...
l.172 ..._|__x_-_|_|_p_a_i_s_o_r_d_e_n_a_d_o_|__j}
                                                  
I treat `x_1_2' essentially like `x_1{}_2'.

! Double subscript.
<argument> ..._p_a_i_s_o_r_d_e_n_a_d_o_|__x_-_|_|_
                                                  p_a_i_s_o_r_d_e_n_a_d_o_|__j
l.172 ..._|__x_-_|_|_p_a_i_s_o_r_d_e_n_a_d_o_|__j}
                                                  
I treat `x_1_2' essentially like `x_1{}_2'.

! Double subscript.
<argument> ..._a_i_s_o_r_d_e_n_a_d_o_|__x_-_|_|_p_
                                                  a_i_s_o_r_d_e_n_a_d_o_|__j
l.172 ..._|__x_-_|_|_p_a_i_s_o_r_d_e_n_a_d_o_|__j}
                                                  
I treat `x_1_2' essentially like `x_1{}_2'.

! Double subscript.
<argument> ..._i_s_o_r_d_e_n_a_d_o_|__x_-_|_|_p_a_
                                                  i_s_o_r_d_e_n_a_d_o_|__j
l.172 ..._|__x_-_|_|_p_a_i_s_o_r_d_e_n_a_d_o_|__j}
                                                  
I treat `x_1_2' essentially like `x_1{}_2'.

! Double subscript.
<argument> ..._s_o_r_d_e_n_a_d_o_|__x_-_|_|_p_a_i_
                                                  s_o_r_d_e_n_a_d_o_|__j
l.172 ..._|__x_-_|_|_p_a_i_s_o_r_d_e_n_a_d_o_|__j}
                                                  
I treat `x_1_2' essentially like `x_1{}_2'.

! Double subscript.
<argument> ..._o_r_d_e_n_a_d_o_|__x_-_|_|_p_a_i_s_
                                                  o_r_d_e_n_a_d_o_|__j
l.172 ..._|__x_-_|_|_p_a_i_s_o_r_d_e_n_a_d_o_|__j}
                                                  
I treat `x_1_2' essentially like `x_1{}_2'.

! Double subscript.
<argument> ..._r_d_e_n_a_d_o_|__x_-_|_|_p_a_i_s_o_
                                                  r_d_e_n_a_d_o_|__j
l.172 ..._|__x_-_|_|_p_a_i_s_o_r_d_e_n_a_d_o_|__j}
                                                  
I treat `x_1_2' essentially like `x_1{}_2'.

! Double subscript.
<argument> ..._d_e_n_a_d_o_|__x_-_|_|_p_a_i_s_o_r_
                                                  d_e_n_a_d_o_|__j
l.172 ..._|__x_-_|_|_p_a_i_s_o_r_d_e_n_a_d_o_|__j}
                                                  
I treat `x_1_2' essentially like `x_1{}_2'.

! Double subscript.
<argument> ..._e_n_a_d_o_|__x_-_|_|_p_a_i_s_o_r_d_
                                                  e_n_a_d_o_|__j
l.172 ..._|__x_-_|_|_p_a_i_s_o_r_d_e_n_a_d_o_|__j}
                                                  
I treat `x_1_2' essentially like `x_1{}_2'.

! Double subscript.
<argument> ..._n_a_d_o_|__x_-_|_|_p_a_i_s_o_r_d_e_
                                                  n_a_d_o_|__j
l.172 ..._|__x_-_|_|_p_a_i_s_o_r_d_e_n_a_d_o_|__j}
                                                  
I treat `x_1_2' essentially like `x_1{}_2'.

! Double subscript.
<argument> ..._a_d_o_|__x_-_|_|_p_a_i_s_o_r_d_e_n_
                                                  a_d_o_|__j
l.172 ..._|__x_-_|_|_p_a_i_s_o_r_d_e_n_a_d_o_|__j}
                                                  
I treat `x_1_2' essentially like `x_1{}_2'.

! Double subscript.
<argument> ..._d_o_|__x_-_|_|_p_a_i_s_o_r_d_e_n_a_
                                                  d_o_|__j
l.172 ..._|__x_-_|_|_p_a_i_s_o_r_d_e_n_a_d_o_|__j}
                                                  
I treat `x_1_2' essentially like `x_1{}_2'.

! Double subscript.
<argument> ..._o_|__x_-_|_|_p_a_i_s_o_r_d_e_n_a_d_
                                                  o_|__j
l.172 ..._|__x_-_|_|_p_a_i_s_o_r_d_e_n_a_d_o_|__j}
                                                  
I treat `x_1_2' essentially like `x_1{}_2'.

! Double subscript.
<argument> ..._|__x_-_|_|_p_a_i_s_o_r_d_e_n_a_d_o_
                                                  |__j
l.172 ..._|__x_-_|_|_p_a_i_s_o_r_d_e_n_a_d_o_|__j}
                                                  
I treat `x_1_2' essentially like `x_1{}_2'.

! Double subscript.
<argument> ...__x_-_|_|_p_a_i_s_o_r_d_e_n_a_d_o_|_
                                                  _j
l.172 ..._|__x_-_|_|_p_a_i_s_o_r_d_e_n_a_d_o_|__j}
                                                  
I treat `x_1_2' essentially like `x_1{}_2'.

! Missing { inserted.
<to be read again> 
                   _
l.172 ..._|__x_-_|_|_p_a_i_s_o_r_d_e_n_a_d_o_|__j}
                                                  
A left brace was mandatory here, so I've put one in.
You might want to delete and/or insert some corrections
so that I will find a matching right brace soon.
(If you're confused by all this, try typing `I}' now.)

! Missing } inserted.
<inserted text> 
                }
l.172 ..._|__x_-_|_|_p_a_i_s_o_r_d_e_n_a_d_o_|__j}
                                                  
I've inserted something that you may have forgotten.
(See the <inserted text> above.)
With luck, this will get me unwedged. But if you
really didn't forget anything, try typing `2' now; then
my insertion and my current dilemma will both disappear.

! Missing } inserted.
<inserted text> 
                }
l.172 ..._|__x_-_|_|_p_a_i_s_o_r_d_e_n_a_d_o_|__j}
                                                  
I've inserted something that you may have forgotten.
(See the <inserted text> above.)
With luck, this will get me unwedged. But if you
really didn't forget anything, try typing `2' now; then
my insertion and my current dilemma will both disappear.


Overfull \hbox (95.13748pt too wide) in paragraph at lines 172--172
 []\OT1/cmtt/m/n/10 aux paisordenado \OT1/cmr/m/n/10 (j: JJOO) : $[]$ = $\OML/c
mm/m/it/10 x \OMS/cmsy/m/n/10   \OML/cmm/m/it/10 mejorpaisdeldia\OT1/cmr/m/n/10
 (\OML/cmm/m/it/10 j\OT1/cmr/m/n/10 )\OML/cmm/m/it/10 ; h \OMS/cmsy/m/n/10   \O
T1/cmr/m/n/10 [\OML/cmm/m/it/10 paisordenado[][][]:::\OMS/cmsy/m/n/10 j\OML/cmm
/m/it/10 paisordenado\OMS/cmsy/m/n/10 j ^^@ \OT1/cmr/m/n/10 1]\OML/cmm/m/it/10 
; k \OMS/cmsy/m/n/10   \OT1/cmr/m/n/10 [\OML/cmm/m/it/10 paisordenado[]:::\OMS/
cmsy/m/n/10 j\OML/cmm/m/it/10 paisordenado\OMS/cmsy/m/n/10 j ^^@
 []

[7]

LaTeX Warning: Command \~ invalid in math mode on input line 188.

! Please use \mathaccent for accents in math mode.
\add@accent ...@spacefactor \spacefactor }\accent 
                                                  #1 #2\egroup \spacefactor ...
l.188 \asegura{a√±o(j)==a√±o(pre(j))}
                                     
I'm changing \accent to \mathaccent here; wish me luck.
(Accents are not the same in formulas as they are in text.)

! You can't use `\spacefactor' in math mode.
\add@accent ...}\accent #1 #2\egroup \spacefactor 
                                                  \accent@spacefactor 
l.188 \asegura{a√±o(j)==a√±o(pre(j))}
                                     
Sorry, but I'm not programmed to handle this case;
I'll just pretend that you didn't ask for it.
If you're in the wrong mode, you might be able to
return to the right one by typing `I}' or `I$' or `I\par'.

! You can't use `\spacefactor' in math mode.
<argument> ...cefactor \spacefactor }\spacefactor 
                                                  \accent@spacefactor 
l.188 \asegura{a√±o(j)==a√±o(pre(j))}
                                     
Sorry, but I'm not programmed to handle this case;
I'll just pretend that you didn't ask for it.
If you're in the wrong mode, you might be able to
return to the right one by typing `I}' or `I$' or `I\par'.


LaTeX Warning: Command \~ invalid in math mode on input line 188.

! Please use \mathaccent for accents in math mode.
\add@accent ...@spacefactor \spacefactor }\accent 
                                                  #1 #2\egroup \spacefactor ...
l.188 \asegura{a√±o(j)==a√±o(pre(j))}
                                     
I'm changing \accent to \mathaccent here; wish me luck.
(Accents are not the same in formulas as they are in text.)

! You can't use `\spacefactor' in math mode.
\add@accent ...}\accent #1 #2\egroup \spacefactor 
                                                  \accent@spacefactor 
l.188 \asegura{a√±o(j)==a√±o(pre(j))}
                                     
Sorry, but I'm not programmed to handle this case;
I'll just pretend that you didn't ask for it.
If you're in the wrong mode, you might be able to
return to the right one by typing `I}' or `I$' or `I\par'.

! You can't use `\spacefactor' in math mode.
<argument> ...cefactor \spacefactor }\spacefactor 
                                                  \accent@spacefactor 
l.188 \asegura{a√±o(j)==a√±o(pre(j))}
                                     
Sorry, but I'm not programmed to handle this case;
I'll just pretend that you didn't ask for it.
If you're in the wrong mode, you might be able to
return to the right one by typing `I}' or `I$' or `I\par'.

Missing character: There is no Ë in font cmex10!
Missing character: There is no Ë in font cmex10!
Missing character: There is no Ë in font cmex10!
Missing character: There is no Ë in font cmex10!

Overfull \hbox (28.14735pt too wide) in paragraph at lines 193--193
 []\OT1/cmtt/m/n/10 asegura $\OML/cmm/m/it/10 unControlPorCompetencia \OT1/cmr/
m/n/10 : (\OMS/cmsy/m/n/10 8\OML/cmm/m/it/10 c \OMS/cmsy/m/n/10 2 \OML/cmm/m/it
/10 cronograma\OT1/cmr/m/n/10 (\OML/cmm/m/it/10 pre\OT1/cmr/m/n/10 (\OML/cmm/m/
it/10 j\OT1/cmr/m/n/10 )\OML/cmm/m/it/10 ; jornadaActual\OT1/cmr/m/n/10 (\OML/c
mm/m/it/10 pre\OT1/cmr/m/n/10 (\OML/cmm/m/it/10 j\OT1/cmr/m/n/10 )))\OMS/cmsy/m
/n/10 j\OML/cmm/m/it/10 lesTocaControlAntiDoping\OT1/cmr/m/n/10 (\OML/cmm/m/it/
10 c\OT1/cmr/m/n/10 )\OMS/cmsy/m/n/10 j \OT1/cmr/m/n/10 ==
 []


Overfull \hbox (181.25826pt too wide) in paragraph at lines 194--194
 []\OT1/cmtt/m/n/10 asegura $\OML/cmm/m/it/10 dopingPositivoMax\OT1/cmr/m/n/10 
5\OML/cmm/m/it/10 Porciento \OT1/cmr/m/n/10 : (\OMS/cmsy/m/n/10 9\OML/cmm/m/it/
10 a \OMS/cmsy/m/n/10 2 \OML/cmm/m/it/10 atletasLesTocoAntiDoping\OT1/cmr/m/n/1
0 (\OML/cmm/m/it/10 j; jornadaActual\OT1/cmr/m/n/10 (\OML/cmm/m/it/10 pre\OT1/c
mr/m/n/10 (\OML/cmm/m/it/10 j\OT1/cmr/m/n/10 ))))0 \OMS/cmsy/m/n/10 ^^T j\OML/c
mm/m/it/10 atletasLesDioPositivo\OT1/cmr/m/n/10 (\OML/cmm/m/it/10 j; jornadaAct
ual\OT1/cmr/m/n/10 (\OML/cmm/m/it/10 pre\OT1/cmr/m/n/10 (\OML/cmm/m/it/10 j\OT1
/cmr/m/n/10 )))\OMS/cmsy/m/n/10 j ^^C
 []


Overfull \hbox (115.86826pt too wide) in paragraph at lines 196--196
 []\OT1/cmtt/m/n/10 aux atletasLesDioPositivo \OT1/cmr/m/n/10 (J:JJOO,d:$\U/msb
/m/n/10 Z$\OT1/cmr/m/n/10 ) : [Atle-ta] = $[\OML/cmm/m/it/10 lesTocoControlAnti
Doping\OT1/cmr/m/n/10 (\OML/cmm/m/it/10 c\OT1/cmr/m/n/10 )[]\OMS/cmsy/m/n/10 j\
OML/cmm/m/it/10 c \OMS/cmsy/m/n/10 2 \OML/cmm/m/it/10 cronograma\OT1/cmr/m/n/10
 (\OML/cmm/m/it/10 j; d\OT1/cmr/m/n/10 )\OML/cmm/m/it/10 ; lesTocoControlAntiDo
ping\OT1/cmr/m/n/10 (\OML/cmm/m/it/10 c\OT1/cmr/m/n/10 )[] \OMS/cmsy/m/n/10 2
 []

[8]

! LaTeX Error: \begin{enumerate} on input line 42 ended by \end{itemize}.

See the LaTeX manual or LaTeX Companion for explanation.
Type  H <return>  for immediate help.
 ...                                              
                                                  
l.199 \end{itemize}
                   
Your command was ignored.
Type  I <command> <return>  to replace it with another command,
or  <return>  to continue without it.

[9] (./tipos/tipos.tex) (./tipos/atleta.tex) (./tipos/competencia.tex [10])
(./tipos/jjoo.tex [11]) (./auxiliaresTipos.tex [12]
Overfull \hbox (11.00989pt too wide) in paragraph at lines 11--11
 []\OT1/cmtt/m/n/10 aux competenciasFinalizadas \OT1/cmr/m/n/10 (j: JJOO) : [Co
m-pe-ten-cia] = $[ \OML/cmm/m/it/10 c \OMS/cmsy/m/n/10 j \OML/cmm/m/it/10 C \OM
S/cmsy/m/n/10   \OT1/cmr/m/n/10 [1\OML/cmm/m/it/10 ::cantDias\OT1/cmr/m/n/10 (\
OML/cmm/m/it/10 j\OT1/cmr/m/n/10 )]\OML/cmm/m/it/10 ; c \OMS/cmsy/m/n/10   \OML
/cmm/m/it/10 cronograma\OT1/cmr/m/n/10 (\OML/cmm/m/it/10 j; d\OT1/cmr/m/n/10 )\
OML/cmm/m/it/10 ; finalizada\OT1/cmr/m/n/10 (\OML/cmm/m/it/10 c\OT1/cmr/m/n/10 
) ]$\OT1/cmr/bx/n/10 ; 
 []

! Double subscript.
<argument> ...king(c)_x) > capacidad(ranking(c)_x_
                                                  +_1)) 
l.20 }
      
I treat `x_1_2' essentially like `x_1{}_2'.

! Double subscript.
<argument> ...ng(c)_x) > capacidad(ranking(c)_x_+_
                                                  1)) 
l.20 }
      
I treat `x_1_2' essentially like `x_1{}_2'.


Overfull \hbox (6.17018pt too wide) in paragraph at lines 20--20
 []\OT1/cmtt/m/n/10 aux masCapaces \OT1/cmr/m/n/10 (c:competencia) : $[]$ = $(\
OMS/cmsy/m/n/10 8\OML/cmm/m/it/10 x \OMS/cmsy/m/n/10   \OT1/cmr/m/n/10 [0\OML/c
mm/m/it/10 ::\OMS/cmsy/m/n/10 j\OML/cmm/m/it/10 ranking\OT1/cmr/m/n/10 (\OML/cm
m/m/it/10 c\OT1/cmr/m/n/10 )\OMS/cmsy/m/n/10 j ^^@ \OT1/cmr/m/n/10 1)\OML/cmm/m
/it/10 ; capacidad\OT1/cmr/m/n/10 (\OML/cmm/m/it/10 ranking\OT1/cmr/m/n/10 (\OM
L/cmm/m/it/10 c\OT1/cmr/m/n/10 )[]) \OML/cmm/m/it/10 > capacidad\OT1/cmr/m/n/10
 (\OML/cmm/m/it/10 ranking\OT1/cmr/m/n/10 (\OML/cmm/m/it/10 c\OT1/cmr/m/n/10 )[
][][]))$\OT1/cmr/bx/n/10 ; 
 []

) [13] (./templateTP.aux) ) 
Here is how much of TeX's memory you used:
 3297 strings out of 495061
 39822 string characters out of 1182622
 106264 words of memory out of 3000000
 6418 multiletter control sequences out of 15000+50000
 8229 words of font info for 32 fonts, out of 3000000 for 9000
 28 hyphenation exceptions out of 8191
 27i,8n,27p,353b,271s stack positions out of 5000i,500n,10000p,200000b,50000s
</usr/share/texmf-texlive/fonts/type1/public/amsfont
s/cm/cmbx10.pfb></usr/share/texmf-texlive/fonts/type1/public/amsfonts/cm/cmbx12
.pfb></usr/share/texmf-texlive/fonts/type1/public/amsfonts/cm/cmex10.pfb></usr/
share/texmf-texlive/fonts/type1/public/amsfonts/cm/cmmi10.pfb></usr/share/texmf
-texlive/fonts/type1/public/amsfonts/cm/cmmi5.pfb></usr/share/texmf-texlive/fon
ts/type1/public/amsfonts/cm/cmmi7.pfb></usr/share/texmf-texlive/fonts/type1/pub
lic/amsfonts/cm/cmr10.pfb></usr/share/texmf-texlive/fonts/type1/public/amsfonts
/cm/cmr12.pfb></usr/share/texmf-texlive/fonts/type1/public/amsfonts/cm/cmr7.pfb
></usr/share/texmf-texlive/fonts/type1/public/amsfonts/cm/cmss10.pfb></usr/shar
e/texmf-texlive/fonts/type1/public/amsfonts/cm/cmsy10.pfb></usr/share/texmf-tex
live/fonts/type1/public/amsfonts/cm/cmsy5.pfb></usr/share/texmf-texlive/fonts/t
ype1/public/amsfonts/cm/cmsy7.pfb></usr/share/texmf-texlive/fonts/type1/public/
amsfonts/cm/cmtt10.pfb></usr/share/texmf-texlive/fonts/type1/public/amsfonts/sy
mbols/msbm10.pfb>
Output written on templateTP.pdf (13 pages, 191720 bytes).
PDF statistics:
 105 PDF objects out of 1000 (max. 8388607)
 0 named destinations out of 1000 (max. 500000)
 1 words of extra memory for PDF output out of 10000 (max. 10000000)

